This file contains any messages produced by compilers while
running configure, to aid debugging if configure makes a mistake.

It was created by configure, which was
generated by GNU Autoconf 2.59.  Invocation command line was

  $ /Users/tsujiyuuki/Dropbox/For_Programming/12step/build/binutils-2.19.1/binutils/configure --cache-file=./config.cache --with-gnu-as --with-gnu-ld --disable-nls --disable-werror --prefix=/Users/tsujiyuuki/Dropbox/For_Programming/12step/tools --program-transform-name=s,^,h8300-elf-, --build=i386-apple-darwin14.4.0 --host=i386-apple-darwin14.4.0 --target=h8300-elf --srcdir=.././binutils

## --------- ##
## Platform. ##
## --------- ##

hostname = tsujiyuuki-no-MacBook-Pro.local
uname -m = x86_64
uname -r = 14.4.0
uname -s = Darwin
uname -v = Darwin Kernel Version 14.4.0: Thu May 28 11:35:04 PDT 2015; root:xnu-2782.30.5~1/RELEASE_X86_64

/usr/bin/uname -p = i386
/bin/uname -X     = unknown

/bin/arch              = unknown
/usr/bin/arch -k       = unknown
/usr/convex/getsysinfo = unknown
hostinfo               = Mach kernel version:
	 Darwin Kernel Version 14.4.0: Thu May 28 11:35:04 PDT 2015; root:xnu-2782.30.5~1/RELEASE_X86_64
Kernel configured for up to 8 processors.
4 processors are physically available.
8 processors are logically available.
Processor type: x86_64h (Intel x86-64h Haswell)
Processors active: 0 1 2 3 4 5 6 7
Primary memory available: 16.00 gigabytes
Default processor set: 257 tasks, 1436 threads, 8 processors
Load average: 3.60, Mach factor: 4.39
/bin/machine           = unknown
/usr/bin/oslevel       = unknown
/bin/universe          = unknown

PATH: /Users/tsujiyuuki/.rbenv/bin
PATH: /Users/tsujiyuuki/pylearn2/pylearn2/scripts
PATH: //Users/tsujiyuuki/Dropbox/For_Programming/12step/tools/bin
PATH: /usr/local/bin
PATH: /usr/local/bin
PATH: /usr/local/bin
PATH: /usr/local/bin
PATH: /usr/local/bin
PATH: /usr/local/bin
PATH: /usr/bin
PATH: /bin
PATH: /usr/sbin
PATH: /sbin
PATH: /opt/X11/bin
PATH: /usr/texbin


## ----------- ##
## Core tests. ##
## ----------- ##

configure:1398: creating cache ./config.cache
configure:1525: checking build system type
configure:1543: result: i386-apple-darwin14.4.0
configure:1551: checking host system type
configure:1565: result: i386-apple-darwin14.4.0
configure:1573: checking target system type
configure:1587: result: h8300-unknown-elf
configure:1609: checking for i386-apple-darwin14.4.0-gcc
configure:1635: result: gcc
configure:1919: checking for C compiler version
configure:1922: gcc --version </dev/null >&5
Configured with: --prefix=/Applications/Xcode.app/Contents/Developer/usr --with-gxx-include-dir=/usr/include/c++/4.2.1
Apple LLVM version 6.1.0 (clang-602.0.49) (based on LLVM 3.6.0svn)
Target: x86_64-apple-darwin14.4.0
Thread model: posix
configure:1925: $? = 0
configure:1927: gcc -v </dev/null >&5
Configured with: --prefix=/Applications/Xcode.app/Contents/Developer/usr --with-gxx-include-dir=/usr/include/c++/4.2.1
Apple LLVM version 6.1.0 (clang-602.0.49) (based on LLVM 3.6.0svn)
Target: x86_64-apple-darwin14.4.0
Thread model: posix
configure:1930: $? = 0
configure:1932: gcc -V </dev/null >&5
clang: error: argument to '-V' is missing (expected 1 value)
clang: error: no input files
configure:1935: $? = 1
configure:1958: checking for C compiler default output file name
configure:1961: gcc -g -O2   conftest.c  >&5
configure:1964: $? = 0
configure:2012: result: a.out
configure:2017: checking whether the C compiler works
configure:2023: ./a.out
configure:2026: $? = 0
configure:2045: result: yes
configure:2052: checking whether we are cross compiling
configure:2054: result: no
configure:2057: checking for suffix of executables
configure:2059: gcc -o conftest -g -O2   conftest.c  >&5
configure:2062: $? = 0
configure:2089: result: 
configure:2095: checking for suffix of object files
configure:2116: gcc -c -g -O2  conftest.c >&5
configure:2119: $? = 0
configure:2143: result: o
configure:2147: checking whether we are using the GNU C compiler
configure:2171: gcc -c -g -O2  conftest.c >&5
configure:2177: $? = 0
configure:2181: test -z 
			 || test ! -s conftest.err
configure:2184: $? = 0
configure:2187: test -s conftest.o
configure:2190: $? = 0
configure:2203: result: yes
configure:2209: checking whether gcc accepts -g
configure:2230: gcc -c -g  conftest.c >&5
configure:2236: $? = 0
configure:2240: test -z 
			 || test ! -s conftest.err
configure:2243: $? = 0
configure:2246: test -s conftest.o
configure:2249: $? = 0
configure:2260: result: yes
configure:2277: checking for gcc option to accept ANSI C
configure:2347: gcc  -c -g -O2  conftest.c >&5
configure:2353: $? = 0
configure:2357: test -z 
			 || test ! -s conftest.err
configure:2360: $? = 0
configure:2363: test -s conftest.o
configure:2366: $? = 0
configure:2384: result: none needed
configure:2402: gcc -c -g -O2  conftest.c >&5
conftest.c:2:3: error: unknown type name 'choke'
  choke me
  ^
conftest.c:2:11: error: expected ';' after top level declarator
  choke me
          ^
          ;
2 errors generated.
configure:2408: $? = 1
configure: failed program was:
| #ifndef __cplusplus
|   choke me
| #endif
configure:2542: checking for library containing strerror
configure:2572: gcc -o conftest -g -O2   conftest.c  >&5
conftest.c:16:6: warning: incompatible redeclaration of library function 'strerror' [-Wincompatible-library-redeclaration]
char strerror ();
     ^
conftest.c:16:6: note: 'strerror' is a builtin with type 'char *(int)'
1 warning generated.
configure:2578: $? = 0
configure:2582: test -z 
			 || test ! -s conftest.err
configure:2585: $? = 0
configure:2588: test -s conftest
configure:2591: $? = 0
configure:2661: result: none required
configure:2685: checking for a BSD-compatible install
configure:2751: result: /usr/bin/install -c
configure:2762: checking whether build environment is sane
configure:2805: result: yes
configure:2870: checking for gawk
configure:2899: result: no
configure:2870: checking for mawk
configure:2899: result: no
configure:2870: checking for nawk
configure:2899: result: no
configure:2870: checking for awk
configure:2886: found /usr/bin/awk
configure:2896: result: awk
configure:2906: checking whether /Applications/Xcode.app/Contents/Developer/usr/bin/make sets $(MAKE)
configure:2926: result: yes
configure:2956: checking for style of include used by /Applications/Xcode.app/Contents/Developer/usr/bin/make
configure:2984: result: GNU
configure:3160: checking dependency style of gcc
configure:3250: result: gcc3
configure:3277: checking for i386-apple-darwin14.4.0-gcc
configure:3303: result: gcc
configure:3587: checking for C compiler version
configure:3590: gcc --version </dev/null >&5
Configured with: --prefix=/Applications/Xcode.app/Contents/Developer/usr --with-gxx-include-dir=/usr/include/c++/4.2.1
Apple LLVM version 6.1.0 (clang-602.0.49) (based on LLVM 3.6.0svn)
Target: x86_64-apple-darwin14.4.0
Thread model: posix
configure:3593: $? = 0
configure:3595: gcc -v </dev/null >&5
Configured with: --prefix=/Applications/Xcode.app/Contents/Developer/usr --with-gxx-include-dir=/usr/include/c++/4.2.1
Apple LLVM version 6.1.0 (clang-602.0.49) (based on LLVM 3.6.0svn)
Target: x86_64-apple-darwin14.4.0
Thread model: posix
configure:3598: $? = 0
configure:3600: gcc -V </dev/null >&5
clang: error: argument to '-V' is missing (expected 1 value)
clang: error: no input files
configure:3603: $? = 1
configure:3606: checking whether we are using the GNU C compiler
configure:3662: result: yes
configure:3668: checking whether gcc accepts -g
configure:3719: result: yes
configure:3736: checking for gcc option to accept ANSI C
configure:3843: result: none needed
configure:3861: gcc -c -g -O2  conftest.c >&5
conftest.c:2:3: error: unknown type name 'choke'
  choke me
  ^
conftest.c:2:11: error: expected ';' after top level declarator
  choke me
          ^
          ;
2 errors generated.
configure:3867: $? = 1
configure: failed program was:
| #ifndef __cplusplus
|   choke me
| #endif
configure:4011: checking how to run the C preprocessor
configure:4046: gcc -E  conftest.c
configure:4052: $? = 0
configure:4084: gcc -E  conftest.c
conftest.c:12:10: fatal error: 'ac_nonexistent.h' file not found
#include <ac_nonexistent.h>
         ^
1 error generated.
configure:4090: $? = 1
configure: failed program was:
| /* confdefs.h.  */
| 
| #define PACKAGE_NAME ""
| #define PACKAGE_TARNAME ""
| #define PACKAGE_VERSION ""
| #define PACKAGE_STRING ""
| #define PACKAGE_BUGREPORT ""
| #define PACKAGE "binutils"
| #define VERSION "2.19.1"
| #define _GNU_SOURCE 1
| /* end confdefs.h.  */
| #include <ac_nonexistent.h>
configure:4129: result: gcc -E
configure:4153: gcc -E  conftest.c
configure:4159: $? = 0
configure:4191: gcc -E  conftest.c
conftest.c:12:10: fatal error: 'ac_nonexistent.h' file not found
#include <ac_nonexistent.h>
         ^
1 error generated.
configure:4197: $? = 1
configure: failed program was:
| /* confdefs.h.  */
| 
| #define PACKAGE_NAME ""
| #define PACKAGE_TARNAME ""
| #define PACKAGE_VERSION ""
| #define PACKAGE_STRING ""
| #define PACKAGE_BUGREPORT ""
| #define PACKAGE "binutils"
| #define VERSION "2.19.1"
| #define _GNU_SOURCE 1
| /* end confdefs.h.  */
| #include <ac_nonexistent.h>
configure:4243: checking for egrep
configure:4253: result: grep -E
configure:4258: checking for ANSI C header files
configure:4283: gcc -c -g -O2  conftest.c >&5
configure:4289: $? = 0
configure:4293: test -z 
			 || test ! -s conftest.err
configure:4296: $? = 0
configure:4299: test -s conftest.o
configure:4302: $? = 0
configure:4391: gcc -o conftest -g -O2   conftest.c  >&5
conftest.c:29:7: warning: implicitly declaring library function 'exit' with type 'void (int) __attribute__((noreturn))'
      exit(2);
      ^
conftest.c:29:7: note: include the header <stdlib.h> or explicitly provide a declaration for 'exit'
1 warning generated.
configure:4394: $? = 0
configure:4396: ./conftest
configure:4399: $? = 0
configure:4414: result: yes
configure:4438: checking for sys/types.h
configure:4454: gcc -c -g -O2  conftest.c >&5
configure:4460: $? = 0
configure:4464: test -z 
			 || test ! -s conftest.err
configure:4467: $? = 0
configure:4470: test -s conftest.o
configure:4473: $? = 0
configure:4484: result: yes
configure:4438: checking for sys/stat.h
configure:4454: gcc -c -g -O2  conftest.c >&5
configure:4460: $? = 0
configure:4464: test -z 
			 || test ! -s conftest.err
configure:4467: $? = 0
configure:4470: test -s conftest.o
configure:4473: $? = 0
configure:4484: result: yes
configure:4438: checking for stdlib.h
configure:4454: gcc -c -g -O2  conftest.c >&5
configure:4460: $? = 0
configure:4464: test -z 
			 || test ! -s conftest.err
configure:4467: $? = 0
configure:4470: test -s conftest.o
configure:4473: $? = 0
configure:4484: result: yes
configure:4438: checking for string.h
configure:4454: gcc -c -g -O2  conftest.c >&5
configure:4460: $? = 0
configure:4464: test -z 
			 || test ! -s conftest.err
configure:4467: $? = 0
configure:4470: test -s conftest.o
configure:4473: $? = 0
configure:4484: result: yes
configure:4438: checking for memory.h
configure:4454: gcc -c -g -O2  conftest.c >&5
configure:4460: $? = 0
configure:4464: test -z 
			 || test ! -s conftest.err
configure:4467: $? = 0
configure:4470: test -s conftest.o
configure:4473: $? = 0
configure:4484: result: yes
configure:4438: checking for strings.h
configure:4454: gcc -c -g -O2  conftest.c >&5
configure:4460: $? = 0
configure:4464: test -z 
			 || test ! -s conftest.err
configure:4467: $? = 0
configure:4470: test -s conftest.o
configure:4473: $? = 0
configure:4484: result: yes
configure:4438: checking for inttypes.h
configure:4454: gcc -c -g -O2  conftest.c >&5
configure:4460: $? = 0
configure:4464: test -z 
			 || test ! -s conftest.err
configure:4467: $? = 0
configure:4470: test -s conftest.o
configure:4473: $? = 0
configure:4484: result: yes
configure:4438: checking for stdint.h
configure:4454: gcc -c -g -O2  conftest.c >&5
configure:4460: $? = 0
configure:4464: test -z 
			 || test ! -s conftest.err
configure:4467: $? = 0
configure:4470: test -s conftest.o
configure:4473: $? = 0
configure:4484: result: yes
configure:4438: checking for unistd.h
configure:4454: gcc -c -g -O2  conftest.c >&5
configure:4460: $? = 0
configure:4464: test -z 
			 || test ! -s conftest.err
configure:4467: $? = 0
configure:4470: test -s conftest.o
configure:4473: $? = 0
configure:4484: result: yes
configure:4507: checking minix/config.h usability
configure:4519: gcc -c -g -O2  conftest.c >&5
conftest.c:56:10: fatal error: 'minix/config.h' file not found
#include <minix/config.h>
         ^
1 error generated.
configure:4525: $? = 1
configure: failed program was:
| /* confdefs.h.  */
| 
| #define PACKAGE_NAME ""
| #define PACKAGE_TARNAME ""
| #define PACKAGE_VERSION ""
| #define PACKAGE_STRING ""
| #define PACKAGE_BUGREPORT ""
| #define PACKAGE "binutils"
| #define VERSION "2.19.1"
| #define _GNU_SOURCE 1
| #define STDC_HEADERS 1
| #define HAVE_SYS_TYPES_H 1
| #define HAVE_SYS_STAT_H 1
| #define HAVE_STDLIB_H 1
| #define HAVE_STRING_H 1
| #define HAVE_MEMORY_H 1
| #define HAVE_STRINGS_H 1
| #define HAVE_INTTYPES_H 1
| #define HAVE_STDINT_H 1
| #define HAVE_UNISTD_H 1
| /* end confdefs.h.  */
| #include <stdio.h>
| #if HAVE_SYS_TYPES_H
| # include <sys/types.h>
| #endif
| #if HAVE_SYS_STAT_H
| # include <sys/stat.h>
| #endif
| #if STDC_HEADERS
| # include <stdlib.h>
| # include <stddef.h>
| #else
| # if HAVE_STDLIB_H
| #  include <stdlib.h>
| # endif
| #endif
| #if HAVE_STRING_H
| # if !STDC_HEADERS && HAVE_MEMORY_H
| #  include <memory.h>
| # endif
| # include <string.h>
| #endif
| #if HAVE_STRINGS_H
| # include <strings.h>
| #endif
| #if HAVE_INTTYPES_H
| # include <inttypes.h>
| #else
| # if HAVE_STDINT_H
| #  include <stdint.h>
| # endif
| #endif
| #if HAVE_UNISTD_H
| # include <unistd.h>
| #endif
| #include <minix/config.h>
configure:4548: result: no
configure:4552: checking minix/config.h presence
configure:4562: gcc -E  conftest.c
conftest.c:22:10: fatal error: 'minix/config.h' file not found
#include <minix/config.h>
         ^
1 error generated.
configure:4568: $? = 1
configure: failed program was:
| /* confdefs.h.  */
| 
| #define PACKAGE_NAME ""
| #define PACKAGE_TARNAME ""
| #define PACKAGE_VERSION ""
| #define PACKAGE_STRING ""
| #define PACKAGE_BUGREPORT ""
| #define PACKAGE "binutils"
| #define VERSION "2.19.1"
| #define _GNU_SOURCE 1
| #define STDC_HEADERS 1
| #define HAVE_SYS_TYPES_H 1
| #define HAVE_SYS_STAT_H 1
| #define HAVE_STDLIB_H 1
| #define HAVE_STRING_H 1
| #define HAVE_MEMORY_H 1
| #define HAVE_STRINGS_H 1
| #define HAVE_INTTYPES_H 1
| #define HAVE_STDINT_H 1
| #define HAVE_UNISTD_H 1
| /* end confdefs.h.  */
| #include <minix/config.h>
configure:4588: result: no
configure:4623: checking for minix/config.h
configure:4630: result: no
configure:4661: checking whether it is safe to define __EXTENSIONS__
configure:4684: gcc -c -g -O2  conftest.c >&5
configure:4690: $? = 0
configure:4694: test -z 
			 || test ! -s conftest.err
configure:4697: $? = 0
configure:4700: test -s conftest.o
configure:4703: $? = 0
configure:4714: result: yes
configure:4874: checking for a sed that does not truncate output
configure:4930: result: /usr/bin/sed
configure:4946: checking for fgrep
configure:4956: result: grep -F
configure:4991: checking for ld used by gcc
configure:5058: result: /Applications/Xcode.app/Contents/Developer/Toolchains/XcodeDefault.xctoolchain/usr/bin/ld
configure:5067: checking if the linker (/Applications/Xcode.app/Contents/Developer/Toolchains/XcodeDefault.xctoolchain/usr/bin/ld) is GNU ld
configure:5082: result: no
configure:5095: checking for BSD- or MS-compatible name lister (nm)
configure:5144: result: nm
configure:5249: checking the name lister (nm) interface
configure:5256: gcc -c -g -O2  conftest.c >&5
configure:5259: nm "conftest.o"
configure:5262: output
0000000000000214 S _some_variable
configure:5269: result: BSD nm
configure:5272: checking whether ln -s works
configure:5276: result: yes
configure:5284: checking the maximum length of command line arguments
configure:5404: result: 196608
configure:5422: checking whether the shell understands some XSI constructs
configure:5430: result: yes
configure:5434: checking whether the shell understands "+="
configure:5440: result: yes
configure:5475: checking for /Applications/Xcode.app/Contents/Developer/Toolchains/XcodeDefault.xctoolchain/usr/bin/ld option to reload object files
configure:5482: result: -r
configure:5509: checking how to recognize dependent libraries
configure:5699: result: pass_all
configure:5719: checking for i386-apple-darwin14.4.0-ar
configure:5745: result: ar
configure:5812: checking for i386-apple-darwin14.4.0-strip
configure:5841: result: no
configure:5850: checking for strip
configure:5866: found /usr/bin/strip
configure:5877: result: strip
configure:5899: checking for i386-apple-darwin14.4.0-ranlib
configure:5925: result: ranlib
configure:6044: checking command to parse nm output from gcc object
configure:6161: gcc -c -g -O2  conftest.c >&5
configure:6164: $? = 0
configure:6168: nm conftest.o \| sed -n -e 's/^.*[	 ]\([BCDEGRST][BCDEGRST]*\)[	 ][	 ]*\([_A-Za-z][_A-Za-z0-9]*\)$/\1 \2 \2/p' \> conftest.nm
configure:6171: $? = 0
cannot find nm_test_var in conftest.nm
configure:6161: gcc -c -g -O2  conftest.c >&5
configure:6164: $? = 0
configure:6168: nm conftest.o \| sed -n -e 's/^.*[	 ]\([BCDEGRST][BCDEGRST]*\)[	 ][	 ]*_\([_A-Za-z][_A-Za-z0-9]*\)$/\1 _\2 \2/p' \> conftest.nm
configure:6171: $? = 0
configure:6225: gcc -o conftest -g -O2   conftest.c conftstm.o >&5
configure:6228: $? = 0
configure:6266: result: ok
configure:6507: checking for dlfcn.h
configure:6523: gcc -c -g -O2  conftest.c >&5
configure:6529: $? = 0
configure:6533: test -z 
			 || test ! -s conftest.err
configure:6536: $? = 0
configure:6539: test -s conftest.o
configure:6542: $? = 0
configure:6553: result: yes
configure:6615: checking for objdir
configure:6630: result: .libs
configure:6926: checking if gcc supports -fno-rtti -fno-exceptions
configure:6944: gcc -c -g -O2  -fno-rtti -fno-exceptions conftest.c >&5
configure:6948: $? = 0
configure:6961: result: yes
configure:6981: checking for gcc option to produce PIC
configure:7236: result: -fno-common -DPIC
configure:7248: checking if gcc PIC flag -fno-common -DPIC works
configure:7266: gcc -c -g -O2  -fno-common -DPIC -DPIC conftest.c >&5
configure:7270: $? = 0
configure:7283: result: yes
configure:7307: checking if gcc static flag -static works
configure:7335: result: no
configure:7350: checking if gcc supports -c -o file.o
configure:7371: gcc -c -g -O2  -o out/conftest2.o conftest.c >&5
configure:7375: $? = 0
configure:7397: result: yes
configure:7405: checking if gcc supports -c -o file.o
configure:7452: result: yes
configure:7485: checking whether the gcc linker (/Applications/Xcode.app/Contents/Developer/Toolchains/XcodeDefault.xctoolchain/usr/bin/ld) supports shared libraries
configure:8565: result: yes
configure:8804: checking dynamic linker characteristics
configure:9480: result: darwin14.4.0 dyld
configure:9575: checking how to hardcode library paths into programs
configure:9600: result: immediate
configure:10446: checking whether stripping libraries is possible
configure:10460: result: yes
configure:10486: checking if libtool supports shared libraries
configure:10488: result: yes
configure:10491: checking whether to build shared libraries
configure:10512: result: yes
configure:10515: checking whether to build static libraries
configure:10519: result: yes
configure:10659: checking for bison
configure:10685: result: bison -y
configure:10700: checking for flex
configure:10726: result: flex
configure:10739: checking for yywrap in -lfl
configure:10769: gcc -o conftest -g -O2   conftest.c -lfl   >&5
ld: library not found for -lfl
clang: error: linker command failed with exit code 1 (use -v to see invocation)
configure:10775: $? = 1
configure: failed program was:
| /* confdefs.h.  */
| 
| #define PACKAGE_NAME ""
| #define PACKAGE_TARNAME ""
| #define PACKAGE_VERSION ""
| #define PACKAGE_STRING ""
| #define PACKAGE_BUGREPORT ""
| #define PACKAGE "binutils"
| #define VERSION "2.19.1"
| #define _GNU_SOURCE 1
| #define STDC_HEADERS 1
| #define HAVE_SYS_TYPES_H 1
| #define HAVE_SYS_STAT_H 1
| #define HAVE_STDLIB_H 1
| #define HAVE_STRING_H 1
| #define HAVE_MEMORY_H 1
| #define HAVE_STRINGS_H 1
| #define HAVE_INTTYPES_H 1
| #define HAVE_STDINT_H 1
| #define HAVE_UNISTD_H 1
| #define __EXTENSIONS__ 1
| #define _ALL_SOURCE 1
| #define _GNU_SOURCE 1
| #define _POSIX_PTHREAD_SEMANTICS 1
| #define _TANDEM_SOURCE 1
| #define HAVE_DLFCN_H 1
| #define LT_OBJDIR ".libs/"
| /* end confdefs.h.  */
| 
| /* Override any gcc2 internal prototype to avoid an error.  */
| #ifdef __cplusplus
| extern "C"
| #endif
| /* We use char because int might match the return type of a gcc2
|    builtin and then its argument prototype would still apply.  */
| char yywrap ();
| int
| main ()
| {
| yywrap ();
|   ;
|   return 0;
| }
configure:10801: result: no
configure:10806: checking for yywrap in -ll
configure:10836: gcc -o conftest -g -O2   conftest.c -ll   >&5
configure:10842: $? = 0
configure:10846: test -z 
			 || test ! -s conftest.err
configure:10849: $? = 0
configure:10852: test -s conftest
configure:10855: $? = 0
configure:10868: result: yes
configure:10879: checking lex output file root
configure:10890: flex conftest.l
configure:10893: $? = 0
configure:10905: result: lex.yy
configure:10910: checking whether yytext is a pointer
configure:10926: gcc -o conftest -g -O2   conftest.c  -ll >&5
configure:10932: $? = 0
configure:10936: test -z 
			 || test ! -s conftest.err
configure:10939: $? = 0
configure:10942: test -s conftest
configure:10945: $? = 0
configure:10959: result: yes
configure:10988: checking whether NLS is requested
configure:10991: result: no
configure:11061: checking whether NLS is requested
configure:11070: result: no
configure:11108: checking for msgfmt
configure:11142: result: no
configure:11148: checking for gmsgfmt
configure:11179: result: :
configure:11218: checking for xgettext
configure:11252: result: no
configure:11289: checking for msgmerge
configure:11322: result: no
configure:11355: checking whether to enable maintainer-specific portions of Makefiles
configure:11364: result: no
configure:11415: checking for i386-apple-darwin14.4.0-ranlib
configure:11441: result: ranlib
configure:11506: checking for a BSD-compatible install
configure:11572: result: /usr/bin/install -c
configure:11641: checking for string.h
configure:11646: result: yes
configure:11641: checking for strings.h
configure:11646: result: yes
configure:11641: checking for stdlib.h
configure:11646: result: yes
configure:11641: checking for unistd.h
configure:11646: result: yes
configure:11650: checking fcntl.h usability
configure:11662: gcc -c -g -O2  conftest.c >&5
configure:11668: $? = 0
configure:11672: test -z 
			 || test ! -s conftest.err
configure:11675: $? = 0
configure:11678: test -s conftest.o
configure:11681: $? = 0
configure:11691: result: yes
configure:11695: checking fcntl.h presence
configure:11705: gcc -E  conftest.c
configure:11711: $? = 0
configure:11731: result: yes
configure:11766: checking for fcntl.h
configure:11773: result: yes
configure:11650: checking sys/file.h usability
configure:11662: gcc -c -g -O2  conftest.c >&5
configure:11668: $? = 0
configure:11672: test -z 
			 || test ! -s conftest.err
configure:11675: $? = 0
configure:11678: test -s conftest.o
configure:11681: $? = 0
configure:11691: result: yes
configure:11695: checking sys/file.h presence
configure:11705: gcc -E  conftest.c
configure:11711: $? = 0
configure:11731: result: yes
configure:11766: checking for sys/file.h
configure:11773: result: yes
configure:11650: checking limits.h usability
configure:11662: gcc -c -g -O2  conftest.c >&5
configure:11668: $? = 0
configure:11672: test -z 
			 || test ! -s conftest.err
configure:11675: $? = 0
configure:11678: test -s conftest.o
configure:11681: $? = 0
configure:11691: result: yes
configure:11695: checking limits.h presence
configure:11705: gcc -E  conftest.c
configure:11711: $? = 0
configure:11731: result: yes
configure:11766: checking for limits.h
configure:11773: result: yes
configure:11650: checking sys/param.h usability
configure:11662: gcc -c -g -O2  conftest.c >&5
configure:11668: $? = 0
configure:11672: test -z 
			 || test ! -s conftest.err
configure:11675: $? = 0
configure:11678: test -s conftest.o
configure:11681: $? = 0
configure:11691: result: yes
configure:11695: checking sys/param.h presence
configure:11705: gcc -E  conftest.c
configure:11711: $? = 0
configure:11731: result: yes
configure:11766: checking for sys/param.h
configure:11773: result: yes
configure:11786: checking for sys/wait.h that is POSIX.1 compatible
configure:11817: gcc -c -g -O2  conftest.c >&5
configure:11823: $? = 0
configure:11827: test -z 
			 || test ! -s conftest.err
configure:11830: $? = 0
configure:11833: test -s conftest.o
configure:11836: $? = 0
configure:11847: result: yes
configure:11859: checking for working alloca.h
configure:11880: gcc -o conftest -g -O2   conftest.c  >&5
configure:11886: $? = 0
configure:11890: test -z 
			 || test ! -s conftest.err
configure:11893: $? = 0
configure:11896: test -s conftest
configure:11899: $? = 0
configure:11911: result: yes
configure:11921: checking for alloca
configure:11962: gcc -o conftest -g -O2   conftest.c  >&5
configure:11968: $? = 0
configure:11972: test -z 
			 || test ! -s conftest.err
configure:11975: $? = 0
configure:11978: test -s conftest
configure:11981: $? = 0
configure:11993: result: yes
configure:12224: checking for sbrk
configure:12281: gcc -o conftest -g -O2   conftest.c  >&5
configure:12287: $? = 0
configure:12291: test -z 
			 || test ! -s conftest.err
configure:12294: $? = 0
configure:12297: test -s conftest
configure:12300: $? = 0
configure:12312: result: yes
configure:12224: checking for utimes
configure:12281: gcc -o conftest -g -O2   conftest.c  >&5
configure:12287: $? = 0
configure:12291: test -z 
			 || test ! -s conftest.err
configure:12294: $? = 0
configure:12297: test -s conftest
configure:12300: $? = 0
configure:12312: result: yes
configure:12224: checking for setmode
configure:12281: gcc -o conftest -g -O2   conftest.c  >&5
configure:12287: $? = 0
configure:12291: test -z 
			 || test ! -s conftest.err
configure:12294: $? = 0
configure:12297: test -s conftest
configure:12300: $? = 0
configure:12312: result: yes
configure:12224: checking for getc_unlocked
configure:12281: gcc -o conftest -g -O2   conftest.c  >&5
configure:12287: $? = 0
configure:12291: test -z 
			 || test ! -s conftest.err
configure:12294: $? = 0
configure:12297: test -s conftest
configure:12300: $? = 0
configure:12312: result: yes
configure:12224: checking for strcoll
configure:12281: gcc -o conftest -g -O2   conftest.c  >&5
configure:12287: $? = 0
configure:12291: test -z 
			 || test ! -s conftest.err
configure:12294: $? = 0
configure:12297: test -s conftest
configure:12300: $? = 0
configure:12312: result: yes
configure:12322: checking for mkstemp
configure:12379: gcc -o conftest -g -O2   conftest.c  >&5
configure:12385: $? = 0
configure:12389: test -z 
			 || test ! -s conftest.err
configure:12392: $? = 0
configure:12395: test -s conftest
configure:12398: $? = 0
configure:12410: result: yes
configure:12420: checking for mkdtemp
configure:12477: gcc -o conftest -g -O2   conftest.c  >&5
configure:12483: $? = 0
configure:12487: test -z 
			 || test ! -s conftest.err
configure:12490: $? = 0
configure:12493: test -s conftest
configure:12496: $? = 0
configure:12508: result: yes
configure:12521: checking for fopen64
configure:12542: gcc -o conftest -g -O2   conftest.c  >&5
conftest.c:53:11: warning: implicit declaration of function 'fopen64' is invalid in C99 [-Wimplicit-function-declaration]
FILE *f = fopen64 ("/tmp/foo","r");
          ^
conftest.c:53:7: warning: incompatible integer to pointer conversion initializing 'FILE *' (aka 'struct __sFILE *') with an expression of type 'int' [-Wint-conversion]
FILE *f = fopen64 ("/tmp/foo","r");
      ^   ~~~~~~~~~~~~~~~~~~~~~~~~
2 warnings generated.
Undefined symbols for architecture x86_64:
  "_fopen64", referenced from:
      _main in conftest-b47fdd.o
ld: symbol(s) not found for architecture x86_64
clang: error: linker command failed with exit code 1 (use -v to see invocation)
configure:12548: $? = 1
configure: failed program was:
| /* confdefs.h.  */
| 
| #define PACKAGE_NAME ""
| #define PACKAGE_TARNAME ""
| #define PACKAGE_VERSION ""
| #define PACKAGE_STRING ""
| #define PACKAGE_BUGREPORT ""
| #define PACKAGE "binutils"
| #define VERSION "2.19.1"
| #define _GNU_SOURCE 1
| #define STDC_HEADERS 1
| #define HAVE_SYS_TYPES_H 1
| #define HAVE_SYS_STAT_H 1
| #define HAVE_STDLIB_H 1
| #define HAVE_STRING_H 1
| #define HAVE_MEMORY_H 1
| #define HAVE_STRINGS_H 1
| #define HAVE_INTTYPES_H 1
| #define HAVE_STDINT_H 1
| #define HAVE_UNISTD_H 1
| #define __EXTENSIONS__ 1
| #define _ALL_SOURCE 1
| #define _GNU_SOURCE 1
| #define _POSIX_PTHREAD_SEMANTICS 1
| #define _TANDEM_SOURCE 1
| #define HAVE_DLFCN_H 1
| #define LT_OBJDIR ".libs/"
| #define YYTEXT_POINTER 1
| #define EXECUTABLE_SUFFIX ""
| #define HAVE_STRING_H 1
| #define HAVE_STRINGS_H 1
| #define HAVE_STDLIB_H 1
| #define HAVE_UNISTD_H 1
| #define HAVE_FCNTL_H 1
| #define HAVE_SYS_FILE_H 1
| #define HAVE_LIMITS_H 1
| #define HAVE_SYS_PARAM_H 1
| #define HAVE_SYS_WAIT_H 1
| #define HAVE_ALLOCA_H 1
| #define HAVE_ALLOCA 1
| #define HAVE_SBRK 1
| #define HAVE_UTIMES 1
| #define HAVE_SETMODE 1
| #define HAVE_GETC_UNLOCKED 1
| #define HAVE_STRCOLL 1
| #define HAVE_MKSTEMP 1
| #define HAVE_MKDTEMP 1
| /* end confdefs.h.  */
| #include <stdio.h>
| int
| main ()
| {
| FILE *f = fopen64 ("/tmp/foo","r");
|   ;
|   return 0;
| }
configure:12586: gcc -o conftest -g -O2  -D_LARGEFILE64_SOURCE  conftest.c  >&5
conftest.c:53:11: warning: implicit declaration of function 'fopen64' is invalid in C99 [-Wimplicit-function-declaration]
FILE *f = fopen64 ("/tmp/foo","r");
          ^
conftest.c:53:7: warning: incompatible integer to pointer conversion initializing 'FILE *' (aka 'struct __sFILE *') with an expression of type 'int' [-Wint-conversion]
FILE *f = fopen64 ("/tmp/foo","r");
      ^   ~~~~~~~~~~~~~~~~~~~~~~~~
2 warnings generated.
Undefined symbols for architecture x86_64:
  "_fopen64", referenced from:
      _main in conftest-d2f6c7.o
ld: symbol(s) not found for architecture x86_64
clang: error: linker command failed with exit code 1 (use -v to see invocation)
configure:12592: $? = 1
configure: failed program was:
| /* confdefs.h.  */
| 
| #define PACKAGE_NAME ""
| #define PACKAGE_TARNAME ""
| #define PACKAGE_VERSION ""
| #define PACKAGE_STRING ""
| #define PACKAGE_BUGREPORT ""
| #define PACKAGE "binutils"
| #define VERSION "2.19.1"
| #define _GNU_SOURCE 1
| #define STDC_HEADERS 1
| #define HAVE_SYS_TYPES_H 1
| #define HAVE_SYS_STAT_H 1
| #define HAVE_STDLIB_H 1
| #define HAVE_STRING_H 1
| #define HAVE_MEMORY_H 1
| #define HAVE_STRINGS_H 1
| #define HAVE_INTTYPES_H 1
| #define HAVE_STDINT_H 1
| #define HAVE_UNISTD_H 1
| #define __EXTENSIONS__ 1
| #define _ALL_SOURCE 1
| #define _GNU_SOURCE 1
| #define _POSIX_PTHREAD_SEMANTICS 1
| #define _TANDEM_SOURCE 1
| #define HAVE_DLFCN_H 1
| #define LT_OBJDIR ".libs/"
| #define YYTEXT_POINTER 1
| #define EXECUTABLE_SUFFIX ""
| #define HAVE_STRING_H 1
| #define HAVE_STRINGS_H 1
| #define HAVE_STDLIB_H 1
| #define HAVE_UNISTD_H 1
| #define HAVE_FCNTL_H 1
| #define HAVE_SYS_FILE_H 1
| #define HAVE_LIMITS_H 1
| #define HAVE_SYS_PARAM_H 1
| #define HAVE_SYS_WAIT_H 1
| #define HAVE_ALLOCA_H 1
| #define HAVE_ALLOCA 1
| #define HAVE_SBRK 1
| #define HAVE_UTIMES 1
| #define HAVE_SETMODE 1
| #define HAVE_GETC_UNLOCKED 1
| #define HAVE_STRCOLL 1
| #define HAVE_MKSTEMP 1
| #define HAVE_MKDTEMP 1
| /* end confdefs.h.  */
| #include <stdio.h>
| int
| main ()
| {
| FILE *f = fopen64 ("/tmp/foo","r");
|   ;
|   return 0;
| }
configure:12622: result: no
configure:12631: checking for stat64
configure:12652: gcc -o conftest -g -O2   conftest.c  >&5
conftest.c:53:19: warning: 'stat64' is deprecated: first deprecated in OS X 10.6 [-Wdeprecated-declarations]
struct stat64 st; stat64 ("/tmp/foo", &st);
                  ^
/usr/include/sys/stat.h:391:5: note: 'stat64' has been explicitly marked deprecated here
int     stat64(const char *, struct stat64 *) __OSX_AVAILABLE_BUT_DEPRECATED(__MAC_10_5,__MAC_10_6,__IPHONE_NA,__IPHONE_NA);
        ^
1 warning generated.
configure:12658: $? = 0
configure:12662: test -z 
			 || test ! -s conftest.err
configure:12665: $? = 0
configure:12668: test -s conftest
configure:12671: $? = 0
configure:12732: result: yes
configure:12752: checking for library containing frexp
configure:12782: gcc -o conftest -g -O2   conftest.c  >&5
conftest.c:57:6: warning: incompatible redeclaration of library function 'frexp' [-Wincompatible-library-redeclaration]
char frexp ();
     ^
conftest.c:57:6: note: 'frexp' is a builtin with type 'double (double, int *)'
1 warning generated.
configure:12788: $? = 0
configure:12792: test -z 
			 || test ! -s conftest.err
configure:12795: $? = 0
configure:12798: test -s conftest
configure:12801: $? = 0
configure:12871: result: none required
configure:12879: checking for time_t in time.h
configure:12900: gcc -c -g -O2  conftest.c >&5
configure:12906: $? = 0
configure:12910: test -z 
			 || test ! -s conftest.err
configure:12913: $? = 0
configure:12916: test -s conftest.o
configure:12919: $? = 0
configure:12931: result: yes
configure:12941: checking for time_t in sys/types.h
configure:12962: gcc -c -g -O2  conftest.c >&5
configure:12968: $? = 0
configure:12972: test -z 
			 || test ! -s conftest.err
configure:12975: $? = 0
configure:12978: test -s conftest.o
configure:12981: $? = 0
configure:12993: result: yes
configure:13003: checking for a known getopt prototype in unistd.h
configure:13024: gcc -c -g -O2  conftest.c >&5
configure:13030: $? = 0
configure:13034: test -z 
			 || test ! -s conftest.err
configure:13037: $? = 0
configure:13040: test -s conftest.o
configure:13043: $? = 0
configure:13055: result: yes
configure:13067: checking for utime.h
configure:13092: gcc -c -g -O2  conftest.c >&5
configure:13098: $? = 0
configure:13102: test -z 
			 || test ! -s conftest.err
configure:13105: $? = 0
configure:13108: test -s conftest.o
configure:13111: $? = 0
configure:13123: result: yes
configure:13133: checking whether fprintf is declared
configure:13157: gcc -c -g -O2  conftest.c >&5
configure:13163: $? = 0
configure:13167: test -z 
			 || test ! -s conftest.err
configure:13170: $? = 0
configure:13173: test -s conftest.o
configure:13176: $? = 0
configure:13187: result: yes
configure:13203: checking whether stpcpy is declared
configure:13227: gcc -c -g -O2  conftest.c >&5
configure:13233: $? = 0
configure:13237: test -z 
			 || test ! -s conftest.err
configure:13240: $? = 0
configure:13243: test -s conftest.o
configure:13246: $? = 0
configure:13257: result: yes
configure:13273: checking whether strstr is declared
configure:13297: gcc -c -g -O2  conftest.c >&5
configure:13303: $? = 0
configure:13307: test -z 
			 || test ! -s conftest.err
configure:13310: $? = 0
configure:13313: test -s conftest.o
configure:13316: $? = 0
configure:13327: result: yes
configure:13343: checking whether sbrk is declared
configure:13367: gcc -c -g -O2  conftest.c >&5
conftest.c:95:22: warning: 'sbrk' is deprecated [-Wdeprecated-declarations]
  char *p = (char *) sbrk;
                     ^
/usr/include/unistd.h:582:7: note: 'sbrk' has been explicitly marked deprecated here
void    *sbrk(int);
         ^
1 warning generated.
configure:13373: $? = 0
configure:13377: test -z 
			 || test ! -s conftest.err
configure:13380: $? = 0
configure:13383: test -s conftest.o
configure:13386: $? = 0
configure:13397: result: yes
configure:13413: checking whether getenv is declared
configure:13437: gcc -c -g -O2  conftest.c >&5
configure:13443: $? = 0
configure:13447: test -z 
			 || test ! -s conftest.err
configure:13450: $? = 0
configure:13453: test -s conftest.o
configure:13456: $? = 0
configure:13467: result: yes
configure:13483: checking whether environ is declared
configure:13507: gcc -c -g -O2  conftest.c >&5
conftest.c:97:22: error: use of undeclared identifier 'environ'
  char *p = (char *) environ;
                     ^
1 error generated.
configure:13513: $? = 1
configure: failed program was:
| /* confdefs.h.  */
| 
| #define PACKAGE_NAME ""
| #define PACKAGE_TARNAME ""
| #define PACKAGE_VERSION ""
| #define PACKAGE_STRING ""
| #define PACKAGE_BUGREPORT ""
| #define PACKAGE "binutils"
| #define VERSION "2.19.1"
| #define _GNU_SOURCE 1
| #define STDC_HEADERS 1
| #define HAVE_SYS_TYPES_H 1
| #define HAVE_SYS_STAT_H 1
| #define HAVE_STDLIB_H 1
| #define HAVE_STRING_H 1
| #define HAVE_MEMORY_H 1
| #define HAVE_STRINGS_H 1
| #define HAVE_INTTYPES_H 1
| #define HAVE_STDINT_H 1
| #define HAVE_UNISTD_H 1
| #define __EXTENSIONS__ 1
| #define _ALL_SOURCE 1
| #define _GNU_SOURCE 1
| #define _POSIX_PTHREAD_SEMANTICS 1
| #define _TANDEM_SOURCE 1
| #define HAVE_DLFCN_H 1
| #define LT_OBJDIR ".libs/"
| #define YYTEXT_POINTER 1
| #define EXECUTABLE_SUFFIX ""
| #define HAVE_STRING_H 1
| #define HAVE_STRINGS_H 1
| #define HAVE_STDLIB_H 1
| #define HAVE_UNISTD_H 1
| #define HAVE_FCNTL_H 1
| #define HAVE_SYS_FILE_H 1
| #define HAVE_LIMITS_H 1
| #define HAVE_SYS_PARAM_H 1
| #define HAVE_SYS_WAIT_H 1
| #define HAVE_ALLOCA_H 1
| #define HAVE_ALLOCA 1
| #define HAVE_SBRK 1
| #define HAVE_UTIMES 1
| #define HAVE_SETMODE 1
| #define HAVE_GETC_UNLOCKED 1
| #define HAVE_STRCOLL 1
| #define HAVE_MKSTEMP 1
| #define HAVE_MKDTEMP 1
| #define HAVE_STAT64 1
| #define HAVE_TIME_T_IN_TIME_H 1
| #define HAVE_TIME_T_IN_TYPES_H 1
| #define HAVE_DECL_GETOPT 1
| #define HAVE_GOOD_UTIME_H 1
| #define HAVE_DECL_FPRINTF 1
| #define HAVE_DECL_STPCPY 1
| #define HAVE_DECL_STRSTR 1
| #define HAVE_DECL_SBRK 1
| #define HAVE_DECL_GETENV 1
| /* end confdefs.h.  */
| #include <stdio.h>
| #if HAVE_SYS_TYPES_H
| # include <sys/types.h>
| #endif
| #if HAVE_SYS_STAT_H
| # include <sys/stat.h>
| #endif
| #if STDC_HEADERS
| # include <stdlib.h>
| # include <stddef.h>
| #else
| # if HAVE_STDLIB_H
| #  include <stdlib.h>
| # endif
| #endif
| #if HAVE_STRING_H
| # if !STDC_HEADERS && HAVE_MEMORY_H
| #  include <memory.h>
| # endif
| # include <string.h>
| #endif
| #if HAVE_STRINGS_H
| # include <strings.h>
| #endif
| #if HAVE_INTTYPES_H
| # include <inttypes.h>
| #else
| # if HAVE_STDINT_H
| #  include <stdint.h>
| # endif
| #endif
| #if HAVE_UNISTD_H
| # include <unistd.h>
| #endif
| int
| main ()
| {
| #ifndef environ
|   char *p = (char *) environ;
| #endif
| 
|   ;
|   return 0;
| }
configure:13537: result: no
configure:13553: checking whether getc_unlocked is declared
configure:13577: gcc -c -g -O2  conftest.c >&5
configure:13583: $? = 0
configure:13587: test -z 
			 || test ! -s conftest.err
configure:13590: $? = 0
configure:13593: test -s conftest.o
configure:13596: $? = 0
configure:13607: result: yes
configure:13623: checking whether snprintf is declared
configure:13647: gcc -c -g -O2  conftest.c >&5
configure:13653: $? = 0
configure:13657: test -z 
			 || test ! -s conftest.err
configure:13660: $? = 0
configure:13663: test -s conftest.o
configure:13666: $? = 0
configure:13677: result: yes
configure:13693: checking whether vsnprintf is declared
configure:13717: gcc -c -g -O2  conftest.c >&5
configure:13723: $? = 0
configure:13727: test -z 
			 || test ! -s conftest.err
configure:13730: $? = 0
configure:13733: test -s conftest.o
configure:13736: $? = 0
configure:13747: result: yes
configure:13769: checking for library containing zlibVersion
configure:13799: gcc -o conftest -g -O2   conftest.c  >&5
Undefined symbols for architecture x86_64:
  "_zlibVersion", referenced from:
      _main in conftest-2952e4.o
ld: symbol(s) not found for architecture x86_64
clang: error: linker command failed with exit code 1 (use -v to see invocation)
configure:13805: $? = 1
configure: failed program was:
| /* confdefs.h.  */
| 
| #define PACKAGE_NAME ""
| #define PACKAGE_TARNAME ""
| #define PACKAGE_VERSION ""
| #define PACKAGE_STRING ""
| #define PACKAGE_BUGREPORT ""
| #define PACKAGE "binutils"
| #define VERSION "2.19.1"
| #define _GNU_SOURCE 1
| #define STDC_HEADERS 1
| #define HAVE_SYS_TYPES_H 1
| #define HAVE_SYS_STAT_H 1
| #define HAVE_STDLIB_H 1
| #define HAVE_STRING_H 1
| #define HAVE_MEMORY_H 1
| #define HAVE_STRINGS_H 1
| #define HAVE_INTTYPES_H 1
| #define HAVE_STDINT_H 1
| #define HAVE_UNISTD_H 1
| #define __EXTENSIONS__ 1
| #define _ALL_SOURCE 1
| #define _GNU_SOURCE 1
| #define _POSIX_PTHREAD_SEMANTICS 1
| #define _TANDEM_SOURCE 1
| #define HAVE_DLFCN_H 1
| #define LT_OBJDIR ".libs/"
| #define YYTEXT_POINTER 1
| #define EXECUTABLE_SUFFIX ""
| #define HAVE_STRING_H 1
| #define HAVE_STRINGS_H 1
| #define HAVE_STDLIB_H 1
| #define HAVE_UNISTD_H 1
| #define HAVE_FCNTL_H 1
| #define HAVE_SYS_FILE_H 1
| #define HAVE_LIMITS_H 1
| #define HAVE_SYS_PARAM_H 1
| #define HAVE_SYS_WAIT_H 1
| #define HAVE_ALLOCA_H 1
| #define HAVE_ALLOCA 1
| #define HAVE_SBRK 1
| #define HAVE_UTIMES 1
| #define HAVE_SETMODE 1
| #define HAVE_GETC_UNLOCKED 1
| #define HAVE_STRCOLL 1
| #define HAVE_MKSTEMP 1
| #define HAVE_MKDTEMP 1
| #define HAVE_STAT64 1
| #define HAVE_TIME_T_IN_TIME_H 1
| #define HAVE_TIME_T_IN_TYPES_H 1
| #define HAVE_DECL_GETOPT 1
| #define HAVE_GOOD_UTIME_H 1
| #define HAVE_DECL_FPRINTF 1
| #define HAVE_DECL_STPCPY 1
| #define HAVE_DECL_STRSTR 1
| #define HAVE_DECL_SBRK 1
| #define HAVE_DECL_GETENV 1
| #define HAVE_DECL_ENVIRON 0
| #define HAVE_DECL_GETC_UNLOCKED 1
| #define HAVE_DECL_SNPRINTF 1
| #define HAVE_DECL_VSNPRINTF 1
| /* end confdefs.h.  */
| 
| /* Override any gcc2 internal prototype to avoid an error.  */
| #ifdef __cplusplus
| extern "C"
| #endif
| /* We use char because int might match the return type of a gcc2
|    builtin and then its argument prototype would still apply.  */
| char zlibVersion ();
| int
| main ()
| {
| zlibVersion ();
|   ;
|   return 0;
| }
configure:13854: gcc -o conftest -g -O2   conftest.c -lz   >&5
configure:13860: $? = 0
configure:13864: test -z 
			 || test ! -s conftest.err
configure:13867: $? = 0
configure:13870: test -s conftest
configure:13873: $? = 0
configure:13888: result: -lz
configure:13906: checking zlib.h usability
configure:13918: gcc -c -g -O2  conftest.c >&5
configure:13924: $? = 0
configure:13928: test -z 
			 || test ! -s conftest.err
configure:13931: $? = 0
configure:13934: test -s conftest.o
configure:13937: $? = 0
configure:13947: result: yes
configure:13951: checking zlib.h presence
configure:13961: gcc -E  conftest.c
configure:13967: $? = 0
configure:13987: result: yes
configure:14022: checking for zlib.h
configure:14029: result: yes
configure:14081: checking iconv.h usability
configure:14093: gcc -c -g -O2  conftest.c >&5
configure:14099: $? = 0
configure:14103: test -z 
			 || test ! -s conftest.err
configure:14106: $? = 0
configure:14109: test -s conftest.o
configure:14112: $? = 0
configure:14122: result: yes
configure:14126: checking iconv.h presence
configure:14136: gcc -E  conftest.c
configure:14142: $? = 0
configure:14162: result: yes
configure:14197: checking for iconv.h
configure:14204: result: yes
configure:14250: checking for ld used by GCC
configure:14313: result: /Applications/Xcode.app/Contents/Developer/Toolchains/XcodeDefault.xctoolchain/usr/bin/ld
configure:14322: checking if the linker (/Applications/Xcode.app/Contents/Developer/Toolchains/XcodeDefault.xctoolchain/usr/bin/ld) is GNU ld
configure:14334: result: no
configure:14340: checking for shared library run path origin
configure:14353: result: done
configure:14783: checking for iconv
configure:14810: gcc -o conftest -g -O2   conftest.c -lz  >&5
Undefined symbols for architecture x86_64:
  "_iconv", referenced from:
      _main in conftest-f83836.o
  "_iconv_close", referenced from:
      _main in conftest-f83836.o
  "_iconv_open", referenced from:
      _main in conftest-f83836.o
ld: symbol(s) not found for architecture x86_64
clang: error: linker command failed with exit code 1 (use -v to see invocation)
configure:14816: $? = 1
configure: failed program was:
| /* confdefs.h.  */
| 
| #define PACKAGE_NAME ""
| #define PACKAGE_TARNAME ""
| #define PACKAGE_VERSION ""
| #define PACKAGE_STRING ""
| #define PACKAGE_BUGREPORT ""
| #define PACKAGE "binutils"
| #define VERSION "2.19.1"
| #define _GNU_SOURCE 1
| #define STDC_HEADERS 1
| #define HAVE_SYS_TYPES_H 1
| #define HAVE_SYS_STAT_H 1
| #define HAVE_STDLIB_H 1
| #define HAVE_STRING_H 1
| #define HAVE_MEMORY_H 1
| #define HAVE_STRINGS_H 1
| #define HAVE_INTTYPES_H 1
| #define HAVE_STDINT_H 1
| #define HAVE_UNISTD_H 1
| #define __EXTENSIONS__ 1
| #define _ALL_SOURCE 1
| #define _GNU_SOURCE 1
| #define _POSIX_PTHREAD_SEMANTICS 1
| #define _TANDEM_SOURCE 1
| #define HAVE_DLFCN_H 1
| #define LT_OBJDIR ".libs/"
| #define YYTEXT_POINTER 1
| #define EXECUTABLE_SUFFIX ""
| #define HAVE_STRING_H 1
| #define HAVE_STRINGS_H 1
| #define HAVE_STDLIB_H 1
| #define HAVE_UNISTD_H 1
| #define HAVE_FCNTL_H 1
| #define HAVE_SYS_FILE_H 1
| #define HAVE_LIMITS_H 1
| #define HAVE_SYS_PARAM_H 1
| #define HAVE_SYS_WAIT_H 1
| #define HAVE_ALLOCA_H 1
| #define HAVE_ALLOCA 1
| #define HAVE_SBRK 1
| #define HAVE_UTIMES 1
| #define HAVE_SETMODE 1
| #define HAVE_GETC_UNLOCKED 1
| #define HAVE_STRCOLL 1
| #define HAVE_MKSTEMP 1
| #define HAVE_MKDTEMP 1
| #define HAVE_STAT64 1
| #define HAVE_TIME_T_IN_TIME_H 1
| #define HAVE_TIME_T_IN_TYPES_H 1
| #define HAVE_DECL_GETOPT 1
| #define HAVE_GOOD_UTIME_H 1
| #define HAVE_DECL_FPRINTF 1
| #define HAVE_DECL_STPCPY 1
| #define HAVE_DECL_STRSTR 1
| #define HAVE_DECL_SBRK 1
| #define HAVE_DECL_GETENV 1
| #define HAVE_DECL_ENVIRON 0
| #define HAVE_DECL_GETC_UNLOCKED 1
| #define HAVE_DECL_SNPRINTF 1
| #define HAVE_DECL_VSNPRINTF 1
| #define HAVE_ZLIB_H 1
| /* end confdefs.h.  */
| #include <stdlib.h>
| #include <iconv.h>
| int
| main ()
| {
| iconv_t cd = iconv_open("","");
|        iconv(cd,NULL,NULL,NULL,NULL);
|        iconv_close(cd);
|   ;
|   return 0;
| }
configure:14861: gcc -o conftest -g -O2   conftest.c -lz  -liconv >&5
configure:14867: $? = 0
configure:14871: test -z 
			 || test ! -s conftest.err
configure:14874: $? = 0
configure:14877: test -s conftest
configure:14880: $? = 0
configure:14895: result: yes
configure:14905: checking how to link with libiconv
configure:14907: result: -liconv
configure:14918: checking for iconv declaration
configure:14952: gcc -c -g -O2  conftest.c >&5
configure:14958: $? = 0
configure:14962: test -z 
			 || test ! -s conftest.err
configure:14965: $? = 0
configure:14968: test -s conftest.o
configure:14971: $? = 0
configure:14986: result: 
         extern size_t iconv (iconv_t cd, char * *inbuf, size_t *inbytesleft, char * *outbuf, size_t *outbytesleft);
configure:15365: creating ./config.status

## ---------------------- ##
## Running config.status. ##
## ---------------------- ##

This file was extended by config.status, which was
generated by GNU Autoconf 2.59.  Invocation command line was

  CONFIG_FILES    = 
  CONFIG_HEADERS  = 
  CONFIG_LINKS    = 
  CONFIG_COMMANDS = 
  $ ./config.status 

on tsujiyuuki-no-MacBook-Pro.local

config.status:949: creating Makefile
config.status:949: creating doc/Makefile
config.status:949: creating po/Makefile.in
config.status:1046: creating config.h
config.status:1444: executing depfiles commands
config.status:1444: executing libtool commands
config.status:1444: executing default-1 commands

## ---------------- ##
## Cache variables. ##
## ---------------- ##

ac_cv_build=i386-apple-darwin14.4.0
ac_cv_build_alias=i386-apple-darwin14.4.0
ac_cv_c_compiler_gnu=yes
ac_cv_env_CC_set=set
ac_cv_env_CC_value=gcc
ac_cv_env_CFLAGS_set=set
ac_cv_env_CFLAGS_value='-g -O2'
ac_cv_env_CPPFLAGS_set=
ac_cv_env_CPPFLAGS_value=
ac_cv_env_CPP_set=
ac_cv_env_CPP_value=
ac_cv_env_LDFLAGS_set=set
ac_cv_env_LDFLAGS_value=
ac_cv_env_build_alias_set=set
ac_cv_env_build_alias_value=i386-apple-darwin14.4.0
ac_cv_env_host_alias_set=set
ac_cv_env_host_alias_value=i386-apple-darwin14.4.0
ac_cv_env_target_alias_set=set
ac_cv_env_target_alias_value=h8300-elf
ac_cv_exeext=
ac_cv_func_alloca_works=yes
ac_cv_func_getc_unlocked=yes
ac_cv_func_mkdtemp=yes
ac_cv_func_mkstemp=yes
ac_cv_func_sbrk=yes
ac_cv_func_setmode=yes
ac_cv_func_strcoll=yes
ac_cv_func_utimes=yes
ac_cv_have_decl_environ=no
ac_cv_have_decl_fprintf=yes
ac_cv_have_decl_getc_unlocked=yes
ac_cv_have_decl_getenv=yes
ac_cv_have_decl_sbrk=yes
ac_cv_have_decl_snprintf=yes
ac_cv_have_decl_stpcpy=yes
ac_cv_have_decl_strstr=yes
ac_cv_have_decl_vsnprintf=yes
ac_cv_header_dlfcn_h=yes
ac_cv_header_fcntl_h=yes
ac_cv_header_iconv_h=yes
ac_cv_header_inttypes_h=yes
ac_cv_header_limits_h=yes
ac_cv_header_memory_h=yes
ac_cv_header_minix_config_h=no
ac_cv_header_stdc=yes
ac_cv_header_stdint_h=yes
ac_cv_header_stdlib_h=yes
ac_cv_header_string_h=yes
ac_cv_header_strings_h=yes
ac_cv_header_sys_file_h=yes
ac_cv_header_sys_param_h=yes
ac_cv_header_sys_stat_h=yes
ac_cv_header_sys_types_h=yes
ac_cv_header_sys_wait_h=yes
ac_cv_header_unistd_h=yes
ac_cv_header_zlib_h=yes
ac_cv_host=i386-apple-darwin14.4.0
ac_cv_host_alias=i386-apple-darwin14.4.0
ac_cv_lib_fl_yywrap=no
ac_cv_lib_l_yywrap=yes
ac_cv_objext=o
ac_cv_path_GMSGFMT=:
ac_cv_path_MSGFMT=:
ac_cv_path_MSGMERGE=:
ac_cv_path_XGETTEXT=:
ac_cv_prog_AR=ar
ac_cv_prog_AWK=awk
ac_cv_prog_CC=gcc
ac_cv_prog_CPP='gcc -E'
ac_cv_prog_LEX=flex
ac_cv_prog_RANLIB=ranlib
ac_cv_prog_YACC='bison -y'
ac_cv_prog_ac_ct_STRIP=strip
ac_cv_prog_cc_g=yes
ac_cv_prog_cc_stdc=
ac_cv_prog_egrep='grep -E'
ac_cv_prog_fgrep='grep -F'
ac_cv_prog_lex_root=lex.yy
ac_cv_prog_lex_yytext_pointer=yes
ac_cv_prog_make__Applications_Xcode_app_Contents_Developer_usr_bin_make_set=yes
ac_cv_safe_to_define___extensions__=yes
ac_cv_search_frexp='none required'
ac_cv_search_strerror='none required'
ac_cv_search_zlibVersion=-lz
ac_cv_target=h8300-unknown-elf
ac_cv_target_alias=h8300-elf
ac_cv_working_alloca_h=yes
acl_cv_hardcode_direct=no
acl_cv_hardcode_libdir_flag_spec=
acl_cv_hardcode_libdir_separator=
acl_cv_hardcode_minus_L=no
acl_cv_libext=a
acl_cv_path_LD=/Applications/Xcode.app/Contents/Developer/Toolchains/XcodeDefault.xctoolchain/usr/bin/ld
acl_cv_prog_gnu_ld=no
acl_cv_rpath=done
acl_cv_shlibext=dylib
acl_cv_wl=-Wl,
am_cv_CC_dependencies_compiler_type=gcc3
am_cv_func_iconv=yes
am_cv_lib_iconv=yes
am_cv_proto_iconv='extern size_t iconv (iconv_t cd, char * *inbuf, size_t *inbytesleft, char * *outbuf, size_t *outbytesleft);'
am_cv_proto_iconv_arg1=
bu_cv_decl_getopt_unistd_h=yes
bu_cv_decl_time_t_time_h=yes
bu_cv_decl_time_t_types_h=yes
bu_cv_have_fopen64=no
bu_cv_have_stat64=yes
bu_cv_header_utime_h=yes
lt_cv_apple_cc_single_mod=yes
lt_cv_deplibs_check_method=pass_all
lt_cv_file_magic_cmd='$MAGIC_CMD'
lt_cv_file_magic_test_file=
lt_cv_ld_reload_flag=-r
lt_cv_nm_interface='BSD nm'
lt_cv_objdir=.libs
lt_cv_path_LD=/Applications/Xcode.app/Contents/Developer/Toolchains/XcodeDefault.xctoolchain/usr/bin/ld
lt_cv_path_NM=nm
lt_cv_path_SED=/usr/bin/sed
lt_cv_prog_compiler_c_o=yes
lt_cv_prog_compiler_rtti_exceptions=yes
lt_cv_prog_gnu_ld=no
lt_cv_sys_global_symbol_pipe='sed -n -e '\''s/^.*[	 ]\([BCDEGRST][BCDEGRST]*\)[	 ][	 ]*_\([_A-Za-z][_A-Za-z0-9]*\)$/\1 _\2 \2/p'\'''
lt_cv_sys_global_symbol_to_c_name_address='sed -n -e '\''s/^: \([^ ]*\) $/  {\"\1\", (void *) 0},/p'\'' -e '\''s/^[BCDEGRST]* \([^ ]*\) \([^ ]*\)$/  {"\2", (void *) \&\2},/p'\'''
lt_cv_sys_global_symbol_to_cdecl='sed -n -e '\''s/^T .* \(.*\)$/extern int \1();/p'\'' -e '\''s/^[BCDEGRST]* .* \(.*\)$/extern char \1;/p'\'''
lt_cv_sys_max_cmd_len=196608

## ----------------- ##
## Output variables. ##
## ----------------- ##

ACLOCAL='${SHELL} /Users/tsujiyuuki/Dropbox/For_Programming/12step/build/binutils-2.19.1/missing --run aclocal-1.9'
ALLOCA=''
AMDEPBACKSLASH='\'
AMDEP_FALSE='#'
AMDEP_TRUE=''
AMTAR='${SHELL} /Users/tsujiyuuki/Dropbox/For_Programming/12step/build/binutils-2.19.1/missing --run tar'
AR='ar'
AUTOCONF='${SHELL} /Users/tsujiyuuki/Dropbox/For_Programming/12step/build/binutils-2.19.1/missing --run autoconf'
AUTOHEADER='${SHELL} /Users/tsujiyuuki/Dropbox/For_Programming/12step/build/binutils-2.19.1/missing --run autoheader'
AUTOMAKE='${SHELL} /Users/tsujiyuuki/Dropbox/For_Programming/12step/build/binutils-2.19.1/missing --run automake-1.9'
AWK='awk'
BUILD_DLLTOOL=''
BUILD_DLLWRAP=''
BUILD_INSTALL_MISC=''
BUILD_MISC=''
BUILD_NLMCONV=''
BUILD_SRCONV=''
BUILD_WINDMC=''
BUILD_WINDRES=''
CATALOGS=''
CATOBJEXT=''
CC='gcc'
CCDEPMODE='depmode=gcc3'
CC_FOR_BUILD='gcc'
CFLAGS='-g -O2'
CPP='gcc -E'
CPPFLAGS=''
CYGPATH_W='echo'
DATADIRNAME=''
DEFS='-DHAVE_CONFIG_H'
DEMANGLER_NAME='c++filt'
DEPDIR='.deps'
DLLTOOL_DEFS=' '
DUMPBIN=''
ECHO_C='ECHO_N=''
ECHO_T=''
EGREP='grep -E'
EMULATION='vanilla'
EMULATION_VECTOR='bin_vanilla_emulation'
EXEEXT=''
EXEEXT_FOR_BUILD='$(EXEEXT)'
FGREP='grep -F'
GENCAT=''
GENINSRC_NEVER_FALSE=''
GENINSRC_NEVER_TRUE='#'
GMSGFMT=':'
GREP='grep'
HDEFINES=''
INCINTL=''
INSTALL_DATA='/usr/bin/install -c -m 644'
INSTALL_PROGRAM='/usr/bin/install -c'
INSTALL_SCRIPT='/usr/bin/install -c'
INSTALL_STRIP_PROGRAM='${SHELL} $(install_sh) -c -s'
INSTOBJEXT=''
LD='/Applications/Xcode.app/Contents/Developer/Toolchains/XcodeDefault.xctoolchain/usr/bin/ld'
LDFLAGS=''
LEX='flex'
LEXLIB='-ll'
LEX_OUTPUT_ROOT='lex.yy'
LIBICONV='-liconv'
LIBINTL=''
LIBINTL_DEP=''
LIBOBJS=''
LIBS='-lz '
LIBTOOL='$(SHELL) $(top_builddir)/libtool'
LN_S='ln -s'
LTLIBICONV='-liconv'
LTLIBOBJS=''
MAINT='#'
MAINTAINER_MODE_FALSE=''
MAINTAINER_MODE_TRUE='#'
MAKEINFO='makeinfo --split-size=5000000'
MKINSTALLDIRS='$(top_builddir)/.././binutils/../mkinstalldirs'
MSGFMT=':'
MSGMERGE=':'
NLMCONV_DEFS=''
NM='nm'
NO_WERROR=''
OBJDUMP_DEFS=''
OBJEXT='o'
PACKAGE='binutils'
PACKAGE_BUGREPORT=''
PACKAGE_NAME=''
PACKAGE_STRING=''
PACKAGE_TARNAME=''
PACKAGE_VERSION=''
PATH_SEPARATOR=':'
POSUB=''
RANLIB='ranlib'
SED='/usr/bin/sed'
SET_MAKE=''
SHELL='/bin/sh'
STRIP='strip'
USE_NLS='no'
VERSION='2.19.1'
WARN_CFLAGS='-W -Wall -Wstrict-prototypes -Wmissing-prototypes'
XGETTEXT=':'
YACC='bison -y'
ac_ct_AR=''
ac_ct_CC=''
ac_ct_DUMPBIN=''
ac_ct_RANLIB=''
ac_ct_STRIP='strip'
am__fastdepCC_FALSE='#'
am__fastdepCC_TRUE=''
am__include='include'
am__leading_dot='.'
am__quote=''
am__tar='${AMTAR} chof - "$$tardir"'
am__untar='${AMTAR} xf -'
bindir='${exec_prefix}/bin'
build='i386-apple-darwin14.4.0'
build_alias='i386-apple-darwin14.4.0'
build_cpu='i386'
build_os='darwin14.4.0'
build_vendor='apple'
datadir='${prefix}/share'
datarootdir='/Users/tsujiyuuki/Dropbox/For_Programming/12step/tools/share'
docdir='/Users/tsujiyuuki/Dropbox/For_Programming/12step/tools/share/doc'
exec_prefix='${prefix}'
host='i386-apple-darwin14.4.0'
host_alias='i386-apple-darwin14.4.0'
host_cpu='i386'
host_os='darwin14.4.0'
host_vendor='apple'
htmldir='/Users/tsujiyuuki/Dropbox/For_Programming/12step/tools/share/doc'
includedir='${prefix}/include'
infodir='${prefix}/info'
install_sh='/Users/tsujiyuuki/Dropbox/For_Programming/12step/build/binutils-2.19.1/install-sh'
libdir='${exec_prefix}/lib'
libexecdir='${exec_prefix}/libexec'
localstatedir='${prefix}/var'
lt_ECHO='/bin/echo'
mandir='${prefix}/man'
mkdir_p='$(mkinstalldirs)'
oldincludedir='/usr/include'
prefix='/Users/tsujiyuuki/Dropbox/For_Programming/12step/tools'
program_transform_name='s,^,h8300-elf-,'
sbindir='${exec_prefix}/sbin'
sharedstatedir='${prefix}/com'
sysconfdir='${prefix}/etc'
target='h8300-unknown-elf'
target_alias='h8300-elf'
target_cpu='h8300'
target_os='elf'
target_vendor='unknown'

## ----------- ##
## confdefs.h. ##
## ----------- ##

#define EXECUTABLE_SUFFIX ""
#define HAVE_ALLOCA 1
#define HAVE_ALLOCA_H 1
#define HAVE_DECL_ENVIRON 0
#define HAVE_DECL_FPRINTF 1
#define HAVE_DECL_GETC_UNLOCKED 1
#define HAVE_DECL_GETENV 1
#define HAVE_DECL_GETOPT 1
#define HAVE_DECL_SBRK 1
#define HAVE_DECL_SNPRINTF 1
#define HAVE_DECL_STPCPY 1
#define HAVE_DECL_STRSTR 1
#define HAVE_DECL_VSNPRINTF 1
#define HAVE_DLFCN_H 1
#define HAVE_FCNTL_H 1
#define HAVE_GETC_UNLOCKED 1
#define HAVE_GOOD_UTIME_H 1
#define HAVE_ICONV 1
#define HAVE_INTTYPES_H 1
#define HAVE_LIMITS_H 1
#define HAVE_MEMORY_H 1
#define HAVE_MKDTEMP 1
#define HAVE_MKSTEMP 1
#define HAVE_SBRK 1
#define HAVE_SETMODE 1
#define HAVE_STAT64 1
#define HAVE_STDINT_H 1
#define HAVE_STDLIB_H 1
#define HAVE_STDLIB_H 1
#define HAVE_STRCOLL 1
#define HAVE_STRINGS_H 1
#define HAVE_STRINGS_H 1
#define HAVE_STRING_H 1
#define HAVE_STRING_H 1
#define HAVE_SYS_FILE_H 1
#define HAVE_SYS_PARAM_H 1
#define HAVE_SYS_STAT_H 1
#define HAVE_SYS_TYPES_H 1
#define HAVE_SYS_WAIT_H 1
#define HAVE_TIME_T_IN_TIME_H 1
#define HAVE_TIME_T_IN_TYPES_H 1
#define HAVE_UNISTD_H 1
#define HAVE_UNISTD_H 1
#define HAVE_UTIMES 1
#define HAVE_ZLIB_H 1
#define ICONV_CONST 
#define LT_OBJDIR ".libs/"
#define PACKAGE "binutils"
#define PACKAGE_BUGREPORT ""
#define PACKAGE_NAME ""
#define PACKAGE_STRING ""
#define PACKAGE_TARNAME ""
#define PACKAGE_VERSION ""
#define STDC_HEADERS 1
#define TARGET "h8300-unknown-elf"
#define TARGET_PREPENDS_UNDERSCORE 1
#define VERSION "2.19.1"
#define YYTEXT_POINTER 1
#define _ALL_SOURCE 1
#define _GNU_SOURCE 1
#define _GNU_SOURCE 1
#define _POSIX_PTHREAD_SEMANTICS 1
#define _TANDEM_SOURCE 1
#define __EXTENSIONS__ 1

configure: exit 0
