This file contains any messages produced by compilers while
running configure, to aid debugging if configure makes a mistake.

It was created by configure, which was
generated by GNU Autoconf 2.59.  Invocation command line was

  $ /Users/tsujiyuuki/Dropbox/For_Programming/12step/build/binutils-2.19.1/opcodes/configure --cache-file=./config.cache --with-gnu-as --with-gnu-ld --disable-nls --disable-werror --prefix=/Users/tsujiyuuki/Dropbox/For_Programming/12step/tools --program-transform-name=s,^,h8300-elf-, --build=i386-apple-darwin14.4.0 --host=i386-apple-darwin14.4.0 --target=h8300-elf --srcdir=.././opcodes

## --------- ##
## Platform. ##
## --------- ##

hostname = tsujiyuuki-no-MacBook-Pro.local
uname -m = x86_64
uname -r = 14.4.0
uname -s = Darwin
uname -v = Darwin Kernel Version 14.4.0: Thu May 28 11:35:04 PDT 2015; root:xnu-2782.30.5~1/RELEASE_X86_64

/usr/bin/uname -p = i386
/bin/uname -X     = unknown

/bin/arch              = unknown
/usr/bin/arch -k       = unknown
/usr/convex/getsysinfo = unknown
hostinfo               = Mach kernel version:
	 Darwin Kernel Version 14.4.0: Thu May 28 11:35:04 PDT 2015; root:xnu-2782.30.5~1/RELEASE_X86_64
Kernel configured for up to 8 processors.
4 processors are physically available.
8 processors are logically available.
Processor type: x86_64h (Intel x86-64h Haswell)
Processors active: 0 1 2 3 4 5 6 7
Primary memory available: 16.00 gigabytes
Default processor set: 257 tasks, 1446 threads, 8 processors
Load average: 3.56, Mach factor: 4.43
/bin/machine           = unknown
/usr/bin/oslevel       = unknown
/bin/universe          = unknown

PATH: /Users/tsujiyuuki/.rbenv/bin
PATH: /Users/tsujiyuuki/pylearn2/pylearn2/scripts
PATH: //Users/tsujiyuuki/Dropbox/For_Programming/12step/tools/bin
PATH: /usr/local/bin
PATH: /usr/local/bin
PATH: /usr/local/bin
PATH: /usr/local/bin
PATH: /usr/local/bin
PATH: /usr/local/bin
PATH: /usr/bin
PATH: /bin
PATH: /usr/sbin
PATH: /sbin
PATH: /opt/X11/bin
PATH: /usr/texbin


## ----------- ##
## Core tests. ##
## ----------- ##

configure:1396: creating cache ./config.cache
configure:1523: checking build system type
configure:1541: result: i386-apple-darwin14.4.0
configure:1549: checking host system type
configure:1563: result: i386-apple-darwin14.4.0
configure:1571: checking target system type
configure:1585: result: h8300-unknown-elf
configure:1607: checking for i386-apple-darwin14.4.0-gcc
configure:1633: result: gcc
configure:1917: checking for C compiler version
configure:1920: gcc --version </dev/null >&5
Configured with: --prefix=/Applications/Xcode.app/Contents/Developer/usr --with-gxx-include-dir=/usr/include/c++/4.2.1
Apple LLVM version 6.1.0 (clang-602.0.49) (based on LLVM 3.6.0svn)
Target: x86_64-apple-darwin14.4.0
Thread model: posix
configure:1923: $? = 0
configure:1925: gcc -v </dev/null >&5
Configured with: --prefix=/Applications/Xcode.app/Contents/Developer/usr --with-gxx-include-dir=/usr/include/c++/4.2.1
Apple LLVM version 6.1.0 (clang-602.0.49) (based on LLVM 3.6.0svn)
Target: x86_64-apple-darwin14.4.0
Thread model: posix
configure:1928: $? = 0
configure:1930: gcc -V </dev/null >&5
clang: error: argument to '-V' is missing (expected 1 value)
clang: error: no input files
configure:1933: $? = 1
configure:1956: checking for C compiler default output file name
configure:1959: gcc -g -O2   conftest.c  >&5
configure:1962: $? = 0
configure:2010: result: a.out
configure:2015: checking whether the C compiler works
configure:2021: ./a.out
configure:2024: $? = 0
configure:2043: result: yes
configure:2050: checking whether we are cross compiling
configure:2052: result: no
configure:2055: checking for suffix of executables
configure:2057: gcc -o conftest -g -O2   conftest.c  >&5
configure:2060: $? = 0
configure:2087: result: 
configure:2093: checking for suffix of object files
configure:2114: gcc -c -g -O2  conftest.c >&5
configure:2117: $? = 0
configure:2141: result: o
configure:2145: checking whether we are using the GNU C compiler
configure:2169: gcc -c -g -O2  conftest.c >&5
configure:2175: $? = 0
configure:2179: test -z 
			 || test ! -s conftest.err
configure:2182: $? = 0
configure:2185: test -s conftest.o
configure:2188: $? = 0
configure:2201: result: yes
configure:2207: checking whether gcc accepts -g
configure:2228: gcc -c -g  conftest.c >&5
configure:2234: $? = 0
configure:2238: test -z 
			 || test ! -s conftest.err
configure:2241: $? = 0
configure:2244: test -s conftest.o
configure:2247: $? = 0
configure:2258: result: yes
configure:2275: checking for gcc option to accept ANSI C
configure:2345: gcc  -c -g -O2  conftest.c >&5
configure:2351: $? = 0
configure:2355: test -z 
			 || test ! -s conftest.err
configure:2358: $? = 0
configure:2361: test -s conftest.o
configure:2364: $? = 0
configure:2382: result: none needed
configure:2400: gcc -c -g -O2  conftest.c >&5
conftest.c:2:3: error: unknown type name 'choke'
  choke me
  ^
conftest.c:2:11: error: expected ';' after top level declarator
  choke me
          ^
          ;
2 errors generated.
configure:2406: $? = 1
configure: failed program was:
| #ifndef __cplusplus
|   choke me
| #endif
configure:2540: checking for library containing strerror
configure:2570: gcc -o conftest -g -O2   conftest.c  >&5
conftest.c:16:6: warning: incompatible redeclaration of library function 'strerror' [-Wincompatible-library-redeclaration]
char strerror ();
     ^
conftest.c:16:6: note: 'strerror' is a builtin with type 'char *(int)'
1 warning generated.
configure:2576: $? = 0
configure:2580: test -z 
			 || test ! -s conftest.err
configure:2583: $? = 0
configure:2586: test -s conftest
configure:2589: $? = 0
configure:2659: result: none required
configure:2687: checking for a BSD-compatible install
configure:2753: result: /usr/bin/install -c
configure:2764: checking whether build environment is sane
configure:2807: result: yes
configure:2872: checking for gawk
configure:2901: result: no
configure:2872: checking for mawk
configure:2901: result: no
configure:2872: checking for nawk
configure:2901: result: no
configure:2872: checking for awk
configure:2888: found /usr/bin/awk
configure:2898: result: awk
configure:2908: checking whether /Applications/Xcode.app/Contents/Developer/usr/bin/make sets $(MAKE)
configure:2928: result: yes
configure:2958: checking for style of include used by /Applications/Xcode.app/Contents/Developer/usr/bin/make
configure:2986: result: GNU
configure:3162: checking dependency style of gcc
configure:3252: result: gcc3
configure:3279: checking for i386-apple-darwin14.4.0-gcc
configure:3305: result: gcc
configure:3589: checking for C compiler version
configure:3592: gcc --version </dev/null >&5
Configured with: --prefix=/Applications/Xcode.app/Contents/Developer/usr --with-gxx-include-dir=/usr/include/c++/4.2.1
Apple LLVM version 6.1.0 (clang-602.0.49) (based on LLVM 3.6.0svn)
Target: x86_64-apple-darwin14.4.0
Thread model: posix
configure:3595: $? = 0
configure:3597: gcc -v </dev/null >&5
Configured with: --prefix=/Applications/Xcode.app/Contents/Developer/usr --with-gxx-include-dir=/usr/include/c++/4.2.1
Apple LLVM version 6.1.0 (clang-602.0.49) (based on LLVM 3.6.0svn)
Target: x86_64-apple-darwin14.4.0
Thread model: posix
configure:3600: $? = 0
configure:3602: gcc -V </dev/null >&5
clang: error: argument to '-V' is missing (expected 1 value)
clang: error: no input files
configure:3605: $? = 1
configure:3608: checking whether we are using the GNU C compiler
configure:3664: result: yes
configure:3670: checking whether gcc accepts -g
configure:3721: result: yes
configure:3738: checking for gcc option to accept ANSI C
configure:3845: result: none needed
configure:3863: gcc -c -g -O2  conftest.c >&5
conftest.c:2:3: error: unknown type name 'choke'
  choke me
  ^
conftest.c:2:11: error: expected ';' after top level declarator
  choke me
          ^
          ;
2 errors generated.
configure:3869: $? = 1
configure: failed program was:
| #ifndef __cplusplus
|   choke me
| #endif
configure:4013: checking how to run the C preprocessor
configure:4048: gcc -E  conftest.c
configure:4054: $? = 0
configure:4086: gcc -E  conftest.c
conftest.c:12:10: fatal error: 'ac_nonexistent.h' file not found
#include <ac_nonexistent.h>
         ^
1 error generated.
configure:4092: $? = 1
configure: failed program was:
| /* confdefs.h.  */
| 
| #define PACKAGE_NAME ""
| #define PACKAGE_TARNAME ""
| #define PACKAGE_VERSION ""
| #define PACKAGE_STRING ""
| #define PACKAGE_BUGREPORT ""
| #define PACKAGE "opcodes"
| #define VERSION "2.19.1"
| #define _GNU_SOURCE 1
| /* end confdefs.h.  */
| #include <ac_nonexistent.h>
configure:4131: result: gcc -E
configure:4155: gcc -E  conftest.c
configure:4161: $? = 0
configure:4193: gcc -E  conftest.c
conftest.c:12:10: fatal error: 'ac_nonexistent.h' file not found
#include <ac_nonexistent.h>
         ^
1 error generated.
configure:4199: $? = 1
configure: failed program was:
| /* confdefs.h.  */
| 
| #define PACKAGE_NAME ""
| #define PACKAGE_TARNAME ""
| #define PACKAGE_VERSION ""
| #define PACKAGE_STRING ""
| #define PACKAGE_BUGREPORT ""
| #define PACKAGE "opcodes"
| #define VERSION "2.19.1"
| #define _GNU_SOURCE 1
| /* end confdefs.h.  */
| #include <ac_nonexistent.h>
configure:4245: checking for egrep
configure:4255: result: grep -E
configure:4260: checking for ANSI C header files
configure:4285: gcc -c -g -O2  conftest.c >&5
configure:4291: $? = 0
configure:4295: test -z 
			 || test ! -s conftest.err
configure:4298: $? = 0
configure:4301: test -s conftest.o
configure:4304: $? = 0
configure:4393: gcc -o conftest -g -O2   conftest.c  >&5
conftest.c:29:7: warning: implicitly declaring library function 'exit' with type 'void (int) __attribute__((noreturn))'
      exit(2);
      ^
conftest.c:29:7: note: include the header <stdlib.h> or explicitly provide a declaration for 'exit'
1 warning generated.
configure:4396: $? = 0
configure:4398: ./conftest
configure:4401: $? = 0
configure:4416: result: yes
configure:4440: checking for sys/types.h
configure:4456: gcc -c -g -O2  conftest.c >&5
configure:4462: $? = 0
configure:4466: test -z 
			 || test ! -s conftest.err
configure:4469: $? = 0
configure:4472: test -s conftest.o
configure:4475: $? = 0
configure:4486: result: yes
configure:4440: checking for sys/stat.h
configure:4456: gcc -c -g -O2  conftest.c >&5
configure:4462: $? = 0
configure:4466: test -z 
			 || test ! -s conftest.err
configure:4469: $? = 0
configure:4472: test -s conftest.o
configure:4475: $? = 0
configure:4486: result: yes
configure:4440: checking for stdlib.h
configure:4456: gcc -c -g -O2  conftest.c >&5
configure:4462: $? = 0
configure:4466: test -z 
			 || test ! -s conftest.err
configure:4469: $? = 0
configure:4472: test -s conftest.o
configure:4475: $? = 0
configure:4486: result: yes
configure:4440: checking for string.h
configure:4456: gcc -c -g -O2  conftest.c >&5
configure:4462: $? = 0
configure:4466: test -z 
			 || test ! -s conftest.err
configure:4469: $? = 0
configure:4472: test -s conftest.o
configure:4475: $? = 0
configure:4486: result: yes
configure:4440: checking for memory.h
configure:4456: gcc -c -g -O2  conftest.c >&5
configure:4462: $? = 0
configure:4466: test -z 
			 || test ! -s conftest.err
configure:4469: $? = 0
configure:4472: test -s conftest.o
configure:4475: $? = 0
configure:4486: result: yes
configure:4440: checking for strings.h
configure:4456: gcc -c -g -O2  conftest.c >&5
configure:4462: $? = 0
configure:4466: test -z 
			 || test ! -s conftest.err
configure:4469: $? = 0
configure:4472: test -s conftest.o
configure:4475: $? = 0
configure:4486: result: yes
configure:4440: checking for inttypes.h
configure:4456: gcc -c -g -O2  conftest.c >&5
configure:4462: $? = 0
configure:4466: test -z 
			 || test ! -s conftest.err
configure:4469: $? = 0
configure:4472: test -s conftest.o
configure:4475: $? = 0
configure:4486: result: yes
configure:4440: checking for stdint.h
configure:4456: gcc -c -g -O2  conftest.c >&5
configure:4462: $? = 0
configure:4466: test -z 
			 || test ! -s conftest.err
configure:4469: $? = 0
configure:4472: test -s conftest.o
configure:4475: $? = 0
configure:4486: result: yes
configure:4440: checking for unistd.h
configure:4456: gcc -c -g -O2  conftest.c >&5
configure:4462: $? = 0
configure:4466: test -z 
			 || test ! -s conftest.err
configure:4469: $? = 0
configure:4472: test -s conftest.o
configure:4475: $? = 0
configure:4486: result: yes
configure:4509: checking minix/config.h usability
configure:4521: gcc -c -g -O2  conftest.c >&5
conftest.c:56:10: fatal error: 'minix/config.h' file not found
#include <minix/config.h>
         ^
1 error generated.
configure:4527: $? = 1
configure: failed program was:
| /* confdefs.h.  */
| 
| #define PACKAGE_NAME ""
| #define PACKAGE_TARNAME ""
| #define PACKAGE_VERSION ""
| #define PACKAGE_STRING ""
| #define PACKAGE_BUGREPORT ""
| #define PACKAGE "opcodes"
| #define VERSION "2.19.1"
| #define _GNU_SOURCE 1
| #define STDC_HEADERS 1
| #define HAVE_SYS_TYPES_H 1
| #define HAVE_SYS_STAT_H 1
| #define HAVE_STDLIB_H 1
| #define HAVE_STRING_H 1
| #define HAVE_MEMORY_H 1
| #define HAVE_STRINGS_H 1
| #define HAVE_INTTYPES_H 1
| #define HAVE_STDINT_H 1
| #define HAVE_UNISTD_H 1
| /* end confdefs.h.  */
| #include <stdio.h>
| #if HAVE_SYS_TYPES_H
| # include <sys/types.h>
| #endif
| #if HAVE_SYS_STAT_H
| # include <sys/stat.h>
| #endif
| #if STDC_HEADERS
| # include <stdlib.h>
| # include <stddef.h>
| #else
| # if HAVE_STDLIB_H
| #  include <stdlib.h>
| # endif
| #endif
| #if HAVE_STRING_H
| # if !STDC_HEADERS && HAVE_MEMORY_H
| #  include <memory.h>
| # endif
| # include <string.h>
| #endif
| #if HAVE_STRINGS_H
| # include <strings.h>
| #endif
| #if HAVE_INTTYPES_H
| # include <inttypes.h>
| #else
| # if HAVE_STDINT_H
| #  include <stdint.h>
| # endif
| #endif
| #if HAVE_UNISTD_H
| # include <unistd.h>
| #endif
| #include <minix/config.h>
configure:4550: result: no
configure:4554: checking minix/config.h presence
configure:4564: gcc -E  conftest.c
conftest.c:22:10: fatal error: 'minix/config.h' file not found
#include <minix/config.h>
         ^
1 error generated.
configure:4570: $? = 1
configure: failed program was:
| /* confdefs.h.  */
| 
| #define PACKAGE_NAME ""
| #define PACKAGE_TARNAME ""
| #define PACKAGE_VERSION ""
| #define PACKAGE_STRING ""
| #define PACKAGE_BUGREPORT ""
| #define PACKAGE "opcodes"
| #define VERSION "2.19.1"
| #define _GNU_SOURCE 1
| #define STDC_HEADERS 1
| #define HAVE_SYS_TYPES_H 1
| #define HAVE_SYS_STAT_H 1
| #define HAVE_STDLIB_H 1
| #define HAVE_STRING_H 1
| #define HAVE_MEMORY_H 1
| #define HAVE_STRINGS_H 1
| #define HAVE_INTTYPES_H 1
| #define HAVE_STDINT_H 1
| #define HAVE_UNISTD_H 1
| /* end confdefs.h.  */
| #include <minix/config.h>
configure:4590: result: no
configure:4625: checking for minix/config.h
configure:4632: result: no
configure:4663: checking whether it is safe to define __EXTENSIONS__
configure:4686: gcc -c -g -O2  conftest.c >&5
configure:4692: $? = 0
configure:4696: test -z 
			 || test ! -s conftest.err
configure:4699: $? = 0
configure:4702: test -s conftest.o
configure:4705: $? = 0
configure:4716: result: yes
configure:4744: checking for i386-apple-darwin14.4.0-ar
configure:4770: result: ar
configure:4823: checking for i386-apple-darwin14.4.0-ranlib
configure:4849: result: ranlib
configure:5039: checking for a sed that does not truncate output
configure:5095: result: /usr/bin/sed
configure:5111: checking for fgrep
configure:5121: result: grep -F
configure:5156: checking for ld used by gcc
configure:5223: result: /Applications/Xcode.app/Contents/Developer/Toolchains/XcodeDefault.xctoolchain/usr/bin/ld
configure:5232: checking if the linker (/Applications/Xcode.app/Contents/Developer/Toolchains/XcodeDefault.xctoolchain/usr/bin/ld) is GNU ld
configure:5247: result: no
configure:5260: checking for BSD- or MS-compatible name lister (nm)
configure:5309: result: nm
configure:5414: checking the name lister (nm) interface
configure:5421: gcc -c -g -O2  conftest.c >&5
configure:5424: nm "conftest.o"
configure:5427: output
0000000000000214 S _some_variable
configure:5434: result: BSD nm
configure:5437: checking whether ln -s works
configure:5441: result: yes
configure:5449: checking the maximum length of command line arguments
configure:5569: result: 196608
configure:5587: checking whether the shell understands some XSI constructs
configure:5595: result: yes
configure:5599: checking whether the shell understands "+="
configure:5605: result: yes
configure:5640: checking for /Applications/Xcode.app/Contents/Developer/Toolchains/XcodeDefault.xctoolchain/usr/bin/ld option to reload object files
configure:5647: result: -r
configure:5674: checking how to recognize dependent libraries
configure:5864: result: pass_all
configure:5884: checking for i386-apple-darwin14.4.0-ar
configure:5910: result: ar
configure:5977: checking for i386-apple-darwin14.4.0-strip
configure:6006: result: no
configure:6015: checking for strip
configure:6031: found /usr/bin/strip
configure:6042: result: strip
configure:6064: checking for i386-apple-darwin14.4.0-ranlib
configure:6090: result: ranlib
configure:6209: checking command to parse nm output from gcc object
configure:6326: gcc -c -g -O2  conftest.c >&5
configure:6329: $? = 0
configure:6333: nm conftest.o \| sed -n -e 's/^.*[	 ]\([BCDEGRST][BCDEGRST]*\)[	 ][	 ]*\([_A-Za-z][_A-Za-z0-9]*\)$/\1 \2 \2/p' \> conftest.nm
configure:6336: $? = 0
cannot find nm_test_var in conftest.nm
configure:6326: gcc -c -g -O2  conftest.c >&5
configure:6329: $? = 0
configure:6333: nm conftest.o \| sed -n -e 's/^.*[	 ]\([BCDEGRST][BCDEGRST]*\)[	 ][	 ]*_\([_A-Za-z][_A-Za-z0-9]*\)$/\1 _\2 \2/p' \> conftest.nm
configure:6336: $? = 0
configure:6390: gcc -o conftest -g -O2   conftest.c conftstm.o >&5
configure:6393: $? = 0
configure:6431: result: ok
configure:6672: checking for dlfcn.h
configure:6688: gcc -c -g -O2  conftest.c >&5
configure:6694: $? = 0
configure:6698: test -z 
			 || test ! -s conftest.err
configure:6701: $? = 0
configure:6704: test -s conftest.o
configure:6707: $? = 0
configure:6718: result: yes
configure:6780: checking for objdir
configure:6795: result: .libs
configure:7091: checking if gcc supports -fno-rtti -fno-exceptions
configure:7109: gcc -c -g -O2  -fno-rtti -fno-exceptions conftest.c >&5
configure:7113: $? = 0
configure:7126: result: yes
configure:7146: checking for gcc option to produce PIC
configure:7401: result: -fno-common -DPIC
configure:7413: checking if gcc PIC flag -fno-common -DPIC works
configure:7431: gcc -c -g -O2  -fno-common -DPIC -DPIC conftest.c >&5
configure:7435: $? = 0
configure:7448: result: yes
configure:7472: checking if gcc static flag -static works
configure:7500: result: no
configure:7515: checking if gcc supports -c -o file.o
configure:7536: gcc -c -g -O2  -o out/conftest2.o conftest.c >&5
configure:7540: $? = 0
configure:7562: result: yes
configure:7570: checking if gcc supports -c -o file.o
configure:7617: result: yes
configure:7650: checking whether the gcc linker (/Applications/Xcode.app/Contents/Developer/Toolchains/XcodeDefault.xctoolchain/usr/bin/ld) supports shared libraries
configure:8730: result: yes
configure:8969: checking dynamic linker characteristics
configure:9645: result: darwin14.4.0 dyld
configure:9740: checking how to hardcode library paths into programs
configure:9765: result: immediate
configure:10611: checking whether stripping libraries is possible
configure:10625: result: yes
configure:10651: checking if libtool supports shared libraries
configure:10653: result: yes
configure:10656: checking whether to build shared libraries
configure:10677: result: no
configure:10680: checking whether to build static libraries
configure:10684: result: yes
configure:10815: checking whether to enable maintainer-specific portions of Makefiles
configure:10824: result: no
configure:10854: checking whether to install libbfd
configure:10867: result: no
configure:10913: checking whether NLS is requested
configure:10916: result: no
configure:10986: checking whether NLS is requested
configure:10995: result: no
configure:11033: checking for msgfmt
configure:11067: result: no
configure:11073: checking for gmsgfmt
configure:11104: result: :
configure:11143: checking for xgettext
configure:11177: result: no
configure:11214: checking for msgmerge
configure:11247: result: no
configure:11335: checking for a BSD-compatible install
configure:11401: result: /usr/bin/install -c
configure:11421: checking for string.h
configure:11426: result: yes
configure:11421: checking for strings.h
configure:11426: result: yes
configure:11421: checking for stdlib.h
configure:11426: result: yes
configure:11430: checking limits.h usability
configure:11442: gcc -c -g -O2  conftest.c >&5
configure:11448: $? = 0
configure:11452: test -z 
			 || test ! -s conftest.err
configure:11455: $? = 0
configure:11458: test -s conftest.o
configure:11461: $? = 0
configure:11471: result: yes
configure:11475: checking limits.h presence
configure:11485: gcc -E  conftest.c
configure:11491: $? = 0
configure:11511: result: yes
configure:11546: checking for limits.h
configure:11553: result: yes
configure:11567: checking whether basename is declared
configure:11591: gcc -c -g -O2  conftest.c >&5
conftest.c:71:22: error: use of undeclared identifier 'basename'
  char *p = (char *) basename;
                     ^
1 error generated.
configure:11597: $? = 1
configure: failed program was:
| /* confdefs.h.  */
| 
| #define PACKAGE_NAME ""
| #define PACKAGE_TARNAME ""
| #define PACKAGE_VERSION ""
| #define PACKAGE_STRING ""
| #define PACKAGE_BUGREPORT ""
| #define PACKAGE "opcodes"
| #define VERSION "2.19.1"
| #define _GNU_SOURCE 1
| #define STDC_HEADERS 1
| #define HAVE_SYS_TYPES_H 1
| #define HAVE_SYS_STAT_H 1
| #define HAVE_STDLIB_H 1
| #define HAVE_STRING_H 1
| #define HAVE_MEMORY_H 1
| #define HAVE_STRINGS_H 1
| #define HAVE_INTTYPES_H 1
| #define HAVE_STDINT_H 1
| #define HAVE_UNISTD_H 1
| #define __EXTENSIONS__ 1
| #define _ALL_SOURCE 1
| #define _GNU_SOURCE 1
| #define _POSIX_PTHREAD_SEMANTICS 1
| #define _TANDEM_SOURCE 1
| #define HAVE_DLFCN_H 1
| #define LT_OBJDIR ".libs/"
| #define HAVE_STRING_H 1
| #define HAVE_STRINGS_H 1
| #define HAVE_STDLIB_H 1
| #define HAVE_LIMITS_H 1
| /* end confdefs.h.  */
| #include <stdio.h>
| #if HAVE_SYS_TYPES_H
| # include <sys/types.h>
| #endif
| #if HAVE_SYS_STAT_H
| # include <sys/stat.h>
| #endif
| #if STDC_HEADERS
| # include <stdlib.h>
| # include <stddef.h>
| #else
| # if HAVE_STDLIB_H
| #  include <stdlib.h>
| # endif
| #endif
| #if HAVE_STRING_H
| # if !STDC_HEADERS && HAVE_MEMORY_H
| #  include <memory.h>
| # endif
| # include <string.h>
| #endif
| #if HAVE_STRINGS_H
| # include <strings.h>
| #endif
| #if HAVE_INTTYPES_H
| # include <inttypes.h>
| #else
| # if HAVE_STDINT_H
| #  include <stdint.h>
| # endif
| #endif
| #if HAVE_UNISTD_H
| # include <unistd.h>
| #endif
| int
| main ()
| {
| #ifndef basename
|   char *p = (char *) basename;
| #endif
| 
|   ;
|   return 0;
| }
configure:11621: result: no
configure:11637: checking whether stpcpy is declared
configure:11661: gcc -c -g -O2  conftest.c >&5
configure:11667: $? = 0
configure:11671: test -z 
			 || test ! -s conftest.err
configure:11674: $? = 0
configure:11677: test -s conftest.o
configure:11680: $? = 0
configure:11691: result: yes
configure:12073: creating ./config.status

## ---------------------- ##
## Running config.status. ##
## ---------------------- ##

This file was extended by config.status, which was
generated by GNU Autoconf 2.59.  Invocation command line was

  CONFIG_FILES    = 
  CONFIG_HEADERS  = 
  CONFIG_LINKS    = 
  CONFIG_COMMANDS = 
  $ ./config.status 

on tsujiyuuki-no-MacBook-Pro.local

config.status:936: creating Makefile
config.status:936: creating po/Makefile.in
config.status:1033: creating config.h
config.status:1347: executing depfiles commands
config.status:1347: executing libtool commands
config.status:1347: executing default-1 commands

## ---------------- ##
## Cache variables. ##
## ---------------- ##

ac_cv_build=i386-apple-darwin14.4.0
ac_cv_build_alias=i386-apple-darwin14.4.0
ac_cv_c_compiler_gnu=yes
ac_cv_env_CC_set=set
ac_cv_env_CC_value=gcc
ac_cv_env_CFLAGS_set=set
ac_cv_env_CFLAGS_value='-g -O2'
ac_cv_env_CPPFLAGS_set=
ac_cv_env_CPPFLAGS_value=
ac_cv_env_CPP_set=
ac_cv_env_CPP_value=
ac_cv_env_LDFLAGS_set=set
ac_cv_env_LDFLAGS_value=
ac_cv_env_build_alias_set=set
ac_cv_env_build_alias_value=i386-apple-darwin14.4.0
ac_cv_env_host_alias_set=set
ac_cv_env_host_alias_value=i386-apple-darwin14.4.0
ac_cv_env_target_alias_set=set
ac_cv_env_target_alias_value=h8300-elf
ac_cv_exeext=
ac_cv_have_decl_basename=no
ac_cv_have_decl_stpcpy=yes
ac_cv_header_dlfcn_h=yes
ac_cv_header_inttypes_h=yes
ac_cv_header_limits_h=yes
ac_cv_header_memory_h=yes
ac_cv_header_minix_config_h=no
ac_cv_header_stdc=yes
ac_cv_header_stdint_h=yes
ac_cv_header_stdlib_h=yes
ac_cv_header_string_h=yes
ac_cv_header_strings_h=yes
ac_cv_header_sys_stat_h=yes
ac_cv_header_sys_types_h=yes
ac_cv_header_unistd_h=yes
ac_cv_host=i386-apple-darwin14.4.0
ac_cv_host_alias=i386-apple-darwin14.4.0
ac_cv_objext=o
ac_cv_path_GMSGFMT=:
ac_cv_path_MSGFMT=:
ac_cv_path_MSGMERGE=:
ac_cv_path_XGETTEXT=:
ac_cv_prog_AR=ar
ac_cv_prog_AWK=awk
ac_cv_prog_CC=gcc
ac_cv_prog_CPP='gcc -E'
ac_cv_prog_RANLIB=ranlib
ac_cv_prog_ac_ct_STRIP=strip
ac_cv_prog_cc_g=yes
ac_cv_prog_cc_stdc=
ac_cv_prog_egrep='grep -E'
ac_cv_prog_fgrep='grep -F'
ac_cv_prog_make__Applications_Xcode_app_Contents_Developer_usr_bin_make_set=yes
ac_cv_safe_to_define___extensions__=yes
ac_cv_search_strerror='none required'
ac_cv_target=h8300-unknown-elf
ac_cv_target_alias=h8300-elf
am_cv_CC_dependencies_compiler_type=gcc3
lt_cv_apple_cc_single_mod=yes
lt_cv_deplibs_check_method=pass_all
lt_cv_file_magic_cmd='$MAGIC_CMD'
lt_cv_file_magic_test_file=
lt_cv_ld_reload_flag=-r
lt_cv_nm_interface='BSD nm'
lt_cv_objdir=.libs
lt_cv_path_LD=/Applications/Xcode.app/Contents/Developer/Toolchains/XcodeDefault.xctoolchain/usr/bin/ld
lt_cv_path_NM=nm
lt_cv_path_SED=/usr/bin/sed
lt_cv_prog_compiler_c_o=yes
lt_cv_prog_compiler_rtti_exceptions=yes
lt_cv_prog_gnu_ld=no
lt_cv_sys_global_symbol_pipe='sed -n -e '\''s/^.*[	 ]\([BCDEGRST][BCDEGRST]*\)[	 ][	 ]*_\([_A-Za-z][_A-Za-z0-9]*\)$/\1 _\2 \2/p'\'''
lt_cv_sys_global_symbol_to_c_name_address='sed -n -e '\''s/^: \([^ ]*\) $/  {\"\1\", (void *) 0},/p'\'' -e '\''s/^[BCDEGRST]* \([^ ]*\) \([^ ]*\)$/  {"\2", (void *) \&\2},/p'\'''
lt_cv_sys_global_symbol_to_cdecl='sed -n -e '\''s/^T .* \(.*\)$/extern int \1();/p'\'' -e '\''s/^[BCDEGRST]* .* \(.*\)$/extern char \1;/p'\'''
lt_cv_sys_max_cmd_len=196608

## ----------------- ##
## Output variables. ##
## ----------------- ##

ACLOCAL='${SHELL} /Users/tsujiyuuki/Dropbox/For_Programming/12step/build/binutils-2.19.1/missing --run aclocal-1.9'
AMDEPBACKSLASH='\'
AMDEP_FALSE='#'
AMDEP_TRUE=''
AMTAR='${SHELL} /Users/tsujiyuuki/Dropbox/For_Programming/12step/build/binutils-2.19.1/missing --run tar'
AR='ar'
AUTOCONF='${SHELL} /Users/tsujiyuuki/Dropbox/For_Programming/12step/build/binutils-2.19.1/missing --run autoconf'
AUTOHEADER='${SHELL} /Users/tsujiyuuki/Dropbox/For_Programming/12step/build/binutils-2.19.1/missing --run autoheader'
AUTOMAKE='${SHELL} /Users/tsujiyuuki/Dropbox/For_Programming/12step/build/binutils-2.19.1/missing --run automake-1.9'
AWK='awk'
BFD_MACHINES=' h8300-dis.lo'
CATALOGS=''
CATOBJEXT=''
CC='gcc'
CCDEPMODE='depmode=gcc3'
CC_FOR_BUILD='gcc'
CFLAGS='-g -O2'
CGEN_MAINT_FALSE=''
CGEN_MAINT_TRUE='#'
CPP='gcc -E'
CPPFLAGS=''
CYGPATH_W='echo'
DATADIRNAME=''
DEFS='-DHAVE_CONFIG_H'
DEPDIR='.deps'
DUMPBIN=''
ECHO_C='ECHO_N=''
ECHO_T=''
EGREP='grep -E'
EXEEXT=''
EXEEXT_FOR_BUILD='$(EXEEXT)'
FGREP='grep -F'
GENCAT=''
GMSGFMT=':'
GREP='grep'
HDEFINES=''
INCINTL=''
INSTALL_DATA='/usr/bin/install -c -m 644'
INSTALL_LIBBFD_FALSE=''
INSTALL_LIBBFD_TRUE='#'
INSTALL_PROGRAM='/usr/bin/install -c'
INSTALL_SCRIPT='/usr/bin/install -c'
INSTALL_STRIP_PROGRAM='${SHELL} $(install_sh) -c -s'
INSTOBJEXT=''
LD='/Applications/Xcode.app/Contents/Developer/Toolchains/XcodeDefault.xctoolchain/usr/bin/ld'
LDFLAGS=''
LIBINTL=''
LIBINTL_DEP=''
LIBOBJS=''
LIBS=''
LIBTOOL='$(SHELL) $(top_builddir)/libtool'
LN_S='ln -s'
LTLIBOBJS=''
MAINT='#'
MAINTAINER_MODE_FALSE=''
MAINTAINER_MODE_TRUE='#'
MAKEINFO='makeinfo --split-size=5000000'
MKINSTALLDIRS='$(top_builddir)/.././opcodes/../mkinstalldirs'
MSGFMT=':'
MSGMERGE=':'
NM='nm'
NO_WERROR=''
OBJEXT='o'
PACKAGE='opcodes'
PACKAGE_BUGREPORT=''
PACKAGE_NAME=''
PACKAGE_STRING=''
PACKAGE_TARNAME=''
PACKAGE_VERSION=''
PATH_SEPARATOR=':'
POSUB=''
RANLIB='ranlib'
SED='/usr/bin/sed'
SET_MAKE=''
SHARED_DEPENDENCIES=''
SHARED_LDFLAGS=''
SHARED_LIBADD=''
SHELL='/bin/sh'
STRIP='strip'
USE_NLS='no'
VERSION='2.19.1'
WARN_CFLAGS='-W -Wall -Wstrict-prototypes -Wmissing-prototypes'
XGETTEXT=':'
ac_ct_AR=''
ac_ct_CC=''
ac_ct_DUMPBIN=''
ac_ct_RANLIB=''
ac_ct_STRIP='strip'
am__fastdepCC_FALSE='#'
am__fastdepCC_TRUE=''
am__include='include'
am__leading_dot='.'
am__quote=''
am__tar='${AMTAR} chof - "$$tardir"'
am__untar='${AMTAR} xf -'
archdefs=' -DARCH_h8300'
bfdincludedir='$(exec_prefix)/$(host_noncanonical)/$(target_noncanonical)/include'
bfdlibdir='$(exec_prefix)/$(host_noncanonical)/$(target_noncanonical)/lib'
bindir='${exec_prefix}/bin'
build='i386-apple-darwin14.4.0'
build_alias='i386-apple-darwin14.4.0'
build_cpu='i386'
build_os='darwin14.4.0'
build_vendor='apple'
cgendir='$(srcdir)/../cgen'
datadir='${prefix}/share'
exec_prefix='${prefix}'
host='i386-apple-darwin14.4.0'
host_alias='i386-apple-darwin14.4.0'
host_cpu='i386'
host_noncanonical='i386-apple-darwin14.4.0'
host_os='darwin14.4.0'
host_vendor='apple'
includedir='${prefix}/include'
infodir='${prefix}/info'
install_sh='/Users/tsujiyuuki/Dropbox/For_Programming/12step/build/binutils-2.19.1/install-sh'
libdir='${exec_prefix}/lib'
libexecdir='${exec_prefix}/libexec'
localstatedir='${prefix}/var'
lt_ECHO='/bin/echo'
mandir='${prefix}/man'
mkdir_p='$(mkinstalldirs)'
oldincludedir='/usr/include'
prefix='/Users/tsujiyuuki/Dropbox/For_Programming/12step/tools'
program_transform_name='s,^,h8300-elf-,'
sbindir='${exec_prefix}/sbin'
sharedstatedir='${prefix}/com'
sysconfdir='${prefix}/etc'
target='h8300-unknown-elf'
target_alias='h8300-elf'
target_cpu='h8300'
target_noncanonical='h8300-elf'
target_os='elf'
target_vendor='unknown'

## ----------- ##
## confdefs.h. ##
## ----------- ##

#define HAVE_DECL_BASENAME 0
#define HAVE_DECL_STPCPY 1
#define HAVE_DLFCN_H 1
#define HAVE_INTTYPES_H 1
#define HAVE_LIMITS_H 1
#define HAVE_MEMORY_H 1
#define HAVE_STDINT_H 1
#define HAVE_STDLIB_H 1
#define HAVE_STDLIB_H 1
#define HAVE_STRINGS_H 1
#define HAVE_STRINGS_H 1
#define HAVE_STRING_H 1
#define HAVE_STRING_H 1
#define HAVE_SYS_STAT_H 1
#define HAVE_SYS_TYPES_H 1
#define HAVE_UNISTD_H 1
#define LT_OBJDIR ".libs/"
#define PACKAGE "opcodes"
#define PACKAGE_BUGREPORT ""
#define PACKAGE_NAME ""
#define PACKAGE_STRING ""
#define PACKAGE_TARNAME ""
#define PACKAGE_VERSION ""
#define STDC_HEADERS 1
#define VERSION "2.19.1"
#define _ALL_SOURCE 1
#define _GNU_SOURCE 1
#define _GNU_SOURCE 1
#define _POSIX_PTHREAD_SEMANTICS 1
#define _TANDEM_SOURCE 1
#define __EXTENSIONS__ 1

configure: exit 0
