This file contains any messages produced by compilers while
running configure, to aid debugging if configure makes a mistake.

It was created by configure, which was
generated by GNU Autoconf 2.59.  Invocation command line was

  $ /Users/tsujiyuuki/Dropbox/For_Programming/12step/build/binutils-2.19.1/ld/configure --cache-file=./config.cache --with-gnu-as --with-gnu-ld --disable-nls --disable-werror --prefix=/Users/tsujiyuuki/Dropbox/For_Programming/12step/tools --program-transform-name=s,^,h8300-elf-, --build=i386-apple-darwin14.4.0 --host=i386-apple-darwin14.4.0 --target=h8300-elf --srcdir=.././ld

## --------- ##
## Platform. ##
## --------- ##

hostname = tsujiyuuki-no-MacBook-Pro.local
uname -m = x86_64
uname -r = 14.4.0
uname -s = Darwin
uname -v = Darwin Kernel Version 14.4.0: Thu May 28 11:35:04 PDT 2015; root:xnu-2782.30.5~1/RELEASE_X86_64

/usr/bin/uname -p = i386
/bin/uname -X     = unknown

/bin/arch              = unknown
/usr/bin/arch -k       = unknown
/usr/convex/getsysinfo = unknown
hostinfo               = Mach kernel version:
	 Darwin Kernel Version 14.4.0: Thu May 28 11:35:04 PDT 2015; root:xnu-2782.30.5~1/RELEASE_X86_64
Kernel configured for up to 8 processors.
4 processors are physically available.
8 processors are logically available.
Processor type: x86_64h (Intel x86-64h Haswell)
Processors active: 0 1 2 3 4 5 6 7
Primary memory available: 16.00 gigabytes
Default processor set: 259 tasks, 1484 threads, 8 processors
Load average: 4.04, Mach factor: 3.95
/bin/machine           = unknown
/usr/bin/oslevel       = unknown
/bin/universe          = unknown

PATH: /Users/tsujiyuuki/.rbenv/bin
PATH: /Users/tsujiyuuki/pylearn2/pylearn2/scripts
PATH: //Users/tsujiyuuki/Dropbox/For_Programming/12step/tools/bin
PATH: /usr/local/bin
PATH: /usr/local/bin
PATH: /usr/local/bin
PATH: /usr/local/bin
PATH: /usr/local/bin
PATH: /usr/local/bin
PATH: /usr/bin
PATH: /bin
PATH: /usr/sbin
PATH: /sbin
PATH: /opt/X11/bin
PATH: /usr/texbin


## ----------- ##
## Core tests. ##
## ----------- ##

configure:1398: creating cache ./config.cache
configure:1525: checking build system type
configure:1543: result: i386-apple-darwin14.4.0
configure:1551: checking host system type
configure:1565: result: i386-apple-darwin14.4.0
configure:1573: checking target system type
configure:1587: result: h8300-unknown-elf
configure:1609: checking for i386-apple-darwin14.4.0-gcc
configure:1635: result: gcc
configure:1919: checking for C compiler version
configure:1922: gcc --version </dev/null >&5
Configured with: --prefix=/Applications/Xcode.app/Contents/Developer/usr --with-gxx-include-dir=/usr/include/c++/4.2.1
Apple LLVM version 6.1.0 (clang-602.0.49) (based on LLVM 3.6.0svn)
Target: x86_64-apple-darwin14.4.0
Thread model: posix
configure:1925: $? = 0
configure:1927: gcc -v </dev/null >&5
Configured with: --prefix=/Applications/Xcode.app/Contents/Developer/usr --with-gxx-include-dir=/usr/include/c++/4.2.1
Apple LLVM version 6.1.0 (clang-602.0.49) (based on LLVM 3.6.0svn)
Target: x86_64-apple-darwin14.4.0
Thread model: posix
configure:1930: $? = 0
configure:1932: gcc -V </dev/null >&5
clang: error: argument to '-V' is missing (expected 1 value)
clang: error: no input files
configure:1935: $? = 1
configure:1958: checking for C compiler default output file name
configure:1961: gcc -g -O2   conftest.c  >&5
configure:1964: $? = 0
configure:2012: result: a.out
configure:2017: checking whether the C compiler works
configure:2023: ./a.out
configure:2026: $? = 0
configure:2045: result: yes
configure:2052: checking whether we are cross compiling
configure:2054: result: no
configure:2057: checking for suffix of executables
configure:2059: gcc -o conftest -g -O2   conftest.c  >&5
configure:2062: $? = 0
configure:2089: result: 
configure:2095: checking for suffix of object files
configure:2116: gcc -c -g -O2  conftest.c >&5
configure:2119: $? = 0
configure:2143: result: o
configure:2147: checking whether we are using the GNU C compiler
configure:2171: gcc -c -g -O2  conftest.c >&5
configure:2177: $? = 0
configure:2181: test -z 
			 || test ! -s conftest.err
configure:2184: $? = 0
configure:2187: test -s conftest.o
configure:2190: $? = 0
configure:2203: result: yes
configure:2209: checking whether gcc accepts -g
configure:2230: gcc -c -g  conftest.c >&5
configure:2236: $? = 0
configure:2240: test -z 
			 || test ! -s conftest.err
configure:2243: $? = 0
configure:2246: test -s conftest.o
configure:2249: $? = 0
configure:2260: result: yes
configure:2277: checking for gcc option to accept ANSI C
configure:2347: gcc  -c -g -O2  conftest.c >&5
configure:2353: $? = 0
configure:2357: test -z 
			 || test ! -s conftest.err
configure:2360: $? = 0
configure:2363: test -s conftest.o
configure:2366: $? = 0
configure:2384: result: none needed
configure:2402: gcc -c -g -O2  conftest.c >&5
conftest.c:2:3: error: unknown type name 'choke'
  choke me
  ^
conftest.c:2:11: error: expected ';' after top level declarator
  choke me
          ^
          ;
2 errors generated.
configure:2408: $? = 1
configure: failed program was:
| #ifndef __cplusplus
|   choke me
| #endif
configure:2542: checking for library containing strerror
configure:2572: gcc -o conftest -g -O2   conftest.c  >&5
conftest.c:16:6: warning: incompatible redeclaration of library function 'strerror' [-Wincompatible-library-redeclaration]
char strerror ();
     ^
conftest.c:16:6: note: 'strerror' is a builtin with type 'char *(int)'
1 warning generated.
configure:2578: $? = 0
configure:2582: test -z 
			 || test ! -s conftest.err
configure:2585: $? = 0
configure:2588: test -s conftest
configure:2591: $? = 0
configure:2661: result: none required
configure:2685: checking for a BSD-compatible install
configure:2751: result: /usr/bin/install -c
configure:2762: checking whether build environment is sane
configure:2805: result: yes
configure:2870: checking for gawk
configure:2899: result: no
configure:2870: checking for mawk
configure:2899: result: no
configure:2870: checking for nawk
configure:2899: result: no
configure:2870: checking for awk
configure:2886: found /usr/bin/awk
configure:2896: result: awk
configure:2906: checking whether /Applications/Xcode.app/Contents/Developer/usr/bin/make sets $(MAKE)
configure:2926: result: yes
configure:2956: checking for style of include used by /Applications/Xcode.app/Contents/Developer/usr/bin/make
configure:2984: result: GNU
configure:3160: checking dependency style of gcc
configure:3250: result: gcc3
configure:3474: checking for i386-apple-darwin14.4.0-gcc
configure:3500: result: gcc
configure:3784: checking for C compiler version
configure:3787: gcc --version </dev/null >&5
Configured with: --prefix=/Applications/Xcode.app/Contents/Developer/usr --with-gxx-include-dir=/usr/include/c++/4.2.1
Apple LLVM version 6.1.0 (clang-602.0.49) (based on LLVM 3.6.0svn)
Target: x86_64-apple-darwin14.4.0
Thread model: posix
configure:3790: $? = 0
configure:3792: gcc -v </dev/null >&5
Configured with: --prefix=/Applications/Xcode.app/Contents/Developer/usr --with-gxx-include-dir=/usr/include/c++/4.2.1
Apple LLVM version 6.1.0 (clang-602.0.49) (based on LLVM 3.6.0svn)
Target: x86_64-apple-darwin14.4.0
Thread model: posix
configure:3795: $? = 0
configure:3797: gcc -V </dev/null >&5
clang: error: argument to '-V' is missing (expected 1 value)
clang: error: no input files
configure:3800: $? = 1
configure:3803: checking whether we are using the GNU C compiler
configure:3859: result: yes
configure:3865: checking whether gcc accepts -g
configure:3916: result: yes
configure:3933: checking for gcc option to accept ANSI C
configure:4040: result: none needed
configure:4058: gcc -c -g -O2  conftest.c >&5
conftest.c:2:3: error: unknown type name 'choke'
  choke me
  ^
conftest.c:2:11: error: expected ';' after top level declarator
  choke me
          ^
          ;
2 errors generated.
configure:4064: $? = 1
configure: failed program was:
| #ifndef __cplusplus
|   choke me
| #endif
configure:4208: checking how to run the C preprocessor
configure:4243: gcc -E  conftest.c
configure:4249: $? = 0
configure:4281: gcc -E  conftest.c
conftest.c:13:10: fatal error: 'ac_nonexistent.h' file not found
#include <ac_nonexistent.h>
         ^
1 error generated.
configure:4287: $? = 1
configure: failed program was:
| /* confdefs.h.  */
| 
| #define PACKAGE_NAME ""
| #define PACKAGE_TARNAME ""
| #define PACKAGE_VERSION ""
| #define PACKAGE_STRING ""
| #define PACKAGE_BUGREPORT ""
| #define PACKAGE "ld"
| #define VERSION "2.19.1"
| #define GOT_HANDLING_DEFAULT GOT_HANDLING_TARGET_DEFAULT
| #define _GNU_SOURCE 1
| /* end confdefs.h.  */
| #include <ac_nonexistent.h>
configure:4326: result: gcc -E
configure:4350: gcc -E  conftest.c
configure:4356: $? = 0
configure:4388: gcc -E  conftest.c
conftest.c:13:10: fatal error: 'ac_nonexistent.h' file not found
#include <ac_nonexistent.h>
         ^
1 error generated.
configure:4394: $? = 1
configure: failed program was:
| /* confdefs.h.  */
| 
| #define PACKAGE_NAME ""
| #define PACKAGE_TARNAME ""
| #define PACKAGE_VERSION ""
| #define PACKAGE_STRING ""
| #define PACKAGE_BUGREPORT ""
| #define PACKAGE "ld"
| #define VERSION "2.19.1"
| #define GOT_HANDLING_DEFAULT GOT_HANDLING_TARGET_DEFAULT
| #define _GNU_SOURCE 1
| /* end confdefs.h.  */
| #include <ac_nonexistent.h>
configure:4440: checking for egrep
configure:4450: result: grep -E
configure:4455: checking for ANSI C header files
configure:4480: gcc -c -g -O2  conftest.c >&5
configure:4486: $? = 0
configure:4490: test -z 
			 || test ! -s conftest.err
configure:4493: $? = 0
configure:4496: test -s conftest.o
configure:4499: $? = 0
configure:4588: gcc -o conftest -g -O2   conftest.c  >&5
conftest.c:30:7: warning: implicitly declaring library function 'exit' with type 'void (int) __attribute__((noreturn))'
      exit(2);
      ^
conftest.c:30:7: note: include the header <stdlib.h> or explicitly provide a declaration for 'exit'
1 warning generated.
configure:4591: $? = 0
configure:4593: ./conftest
configure:4596: $? = 0
configure:4611: result: yes
configure:4635: checking for sys/types.h
configure:4651: gcc -c -g -O2  conftest.c >&5
configure:4657: $? = 0
configure:4661: test -z 
			 || test ! -s conftest.err
configure:4664: $? = 0
configure:4667: test -s conftest.o
configure:4670: $? = 0
configure:4681: result: yes
configure:4635: checking for sys/stat.h
configure:4651: gcc -c -g -O2  conftest.c >&5
configure:4657: $? = 0
configure:4661: test -z 
			 || test ! -s conftest.err
configure:4664: $? = 0
configure:4667: test -s conftest.o
configure:4670: $? = 0
configure:4681: result: yes
configure:4635: checking for stdlib.h
configure:4651: gcc -c -g -O2  conftest.c >&5
configure:4657: $? = 0
configure:4661: test -z 
			 || test ! -s conftest.err
configure:4664: $? = 0
configure:4667: test -s conftest.o
configure:4670: $? = 0
configure:4681: result: yes
configure:4635: checking for string.h
configure:4651: gcc -c -g -O2  conftest.c >&5
configure:4657: $? = 0
configure:4661: test -z 
			 || test ! -s conftest.err
configure:4664: $? = 0
configure:4667: test -s conftest.o
configure:4670: $? = 0
configure:4681: result: yes
configure:4635: checking for memory.h
configure:4651: gcc -c -g -O2  conftest.c >&5
configure:4657: $? = 0
configure:4661: test -z 
			 || test ! -s conftest.err
configure:4664: $? = 0
configure:4667: test -s conftest.o
configure:4670: $? = 0
configure:4681: result: yes
configure:4635: checking for strings.h
configure:4651: gcc -c -g -O2  conftest.c >&5
configure:4657: $? = 0
configure:4661: test -z 
			 || test ! -s conftest.err
configure:4664: $? = 0
configure:4667: test -s conftest.o
configure:4670: $? = 0
configure:4681: result: yes
configure:4635: checking for inttypes.h
configure:4651: gcc -c -g -O2  conftest.c >&5
configure:4657: $? = 0
configure:4661: test -z 
			 || test ! -s conftest.err
configure:4664: $? = 0
configure:4667: test -s conftest.o
configure:4670: $? = 0
configure:4681: result: yes
configure:4635: checking for stdint.h
configure:4651: gcc -c -g -O2  conftest.c >&5
configure:4657: $? = 0
configure:4661: test -z 
			 || test ! -s conftest.err
configure:4664: $? = 0
configure:4667: test -s conftest.o
configure:4670: $? = 0
configure:4681: result: yes
configure:4635: checking for unistd.h
configure:4651: gcc -c -g -O2  conftest.c >&5
configure:4657: $? = 0
configure:4661: test -z 
			 || test ! -s conftest.err
configure:4664: $? = 0
configure:4667: test -s conftest.o
configure:4670: $? = 0
configure:4681: result: yes
configure:4704: checking minix/config.h usability
configure:4716: gcc -c -g -O2  conftest.c >&5
conftest.c:57:10: fatal error: 'minix/config.h' file not found
#include <minix/config.h>
         ^
1 error generated.
configure:4722: $? = 1
configure: failed program was:
| /* confdefs.h.  */
| 
| #define PACKAGE_NAME ""
| #define PACKAGE_TARNAME ""
| #define PACKAGE_VERSION ""
| #define PACKAGE_STRING ""
| #define PACKAGE_BUGREPORT ""
| #define PACKAGE "ld"
| #define VERSION "2.19.1"
| #define GOT_HANDLING_DEFAULT GOT_HANDLING_TARGET_DEFAULT
| #define _GNU_SOURCE 1
| #define STDC_HEADERS 1
| #define HAVE_SYS_TYPES_H 1
| #define HAVE_SYS_STAT_H 1
| #define HAVE_STDLIB_H 1
| #define HAVE_STRING_H 1
| #define HAVE_MEMORY_H 1
| #define HAVE_STRINGS_H 1
| #define HAVE_INTTYPES_H 1
| #define HAVE_STDINT_H 1
| #define HAVE_UNISTD_H 1
| /* end confdefs.h.  */
| #include <stdio.h>
| #if HAVE_SYS_TYPES_H
| # include <sys/types.h>
| #endif
| #if HAVE_SYS_STAT_H
| # include <sys/stat.h>
| #endif
| #if STDC_HEADERS
| # include <stdlib.h>
| # include <stddef.h>
| #else
| # if HAVE_STDLIB_H
| #  include <stdlib.h>
| # endif
| #endif
| #if HAVE_STRING_H
| # if !STDC_HEADERS && HAVE_MEMORY_H
| #  include <memory.h>
| # endif
| # include <string.h>
| #endif
| #if HAVE_STRINGS_H
| # include <strings.h>
| #endif
| #if HAVE_INTTYPES_H
| # include <inttypes.h>
| #else
| # if HAVE_STDINT_H
| #  include <stdint.h>
| # endif
| #endif
| #if HAVE_UNISTD_H
| # include <unistd.h>
| #endif
| #include <minix/config.h>
configure:4745: result: no
configure:4749: checking minix/config.h presence
configure:4759: gcc -E  conftest.c
conftest.c:23:10: fatal error: 'minix/config.h' file not found
#include <minix/config.h>
         ^
1 error generated.
configure:4765: $? = 1
configure: failed program was:
| /* confdefs.h.  */
| 
| #define PACKAGE_NAME ""
| #define PACKAGE_TARNAME ""
| #define PACKAGE_VERSION ""
| #define PACKAGE_STRING ""
| #define PACKAGE_BUGREPORT ""
| #define PACKAGE "ld"
| #define VERSION "2.19.1"
| #define GOT_HANDLING_DEFAULT GOT_HANDLING_TARGET_DEFAULT
| #define _GNU_SOURCE 1
| #define STDC_HEADERS 1
| #define HAVE_SYS_TYPES_H 1
| #define HAVE_SYS_STAT_H 1
| #define HAVE_STDLIB_H 1
| #define HAVE_STRING_H 1
| #define HAVE_MEMORY_H 1
| #define HAVE_STRINGS_H 1
| #define HAVE_INTTYPES_H 1
| #define HAVE_STDINT_H 1
| #define HAVE_UNISTD_H 1
| /* end confdefs.h.  */
| #include <minix/config.h>
configure:4785: result: no
configure:4820: checking for minix/config.h
configure:4827: result: no
configure:4858: checking whether it is safe to define __EXTENSIONS__
configure:4881: gcc -c -g -O2  conftest.c >&5
configure:4887: $? = 0
configure:4891: test -z 
			 || test ! -s conftest.err
configure:4894: $? = 0
configure:4897: test -s conftest.o
configure:4900: $? = 0
configure:4911: result: yes
configure:4949: checking for a BSD-compatible install
configure:5015: result: /usr/bin/install -c
configure:5163: checking for a sed that does not truncate output
configure:5219: result: /usr/bin/sed
configure:5235: checking for fgrep
configure:5245: result: grep -F
configure:5280: checking for ld used by gcc
configure:5347: result: /Applications/Xcode.app/Contents/Developer/Toolchains/XcodeDefault.xctoolchain/usr/bin/ld
configure:5356: checking if the linker (/Applications/Xcode.app/Contents/Developer/Toolchains/XcodeDefault.xctoolchain/usr/bin/ld) is GNU ld
configure:5371: result: no
configure:5384: checking for BSD- or MS-compatible name lister (nm)
configure:5433: result: nm
configure:5538: checking the name lister (nm) interface
configure:5545: gcc -c -g -O2  conftest.c >&5
configure:5548: nm "conftest.o"
configure:5551: output
000000000000020c S _some_variable
configure:5558: result: BSD nm
configure:5561: checking whether ln -s works
configure:5565: result: yes
configure:5573: checking the maximum length of command line arguments
configure:5693: result: 196608
configure:5711: checking whether the shell understands some XSI constructs
configure:5719: result: yes
configure:5723: checking whether the shell understands "+="
configure:5729: result: yes
configure:5764: checking for /Applications/Xcode.app/Contents/Developer/Toolchains/XcodeDefault.xctoolchain/usr/bin/ld option to reload object files
configure:5771: result: -r
configure:5798: checking how to recognize dependent libraries
configure:5988: result: pass_all
configure:6008: checking for i386-apple-darwin14.4.0-ar
configure:6034: result: ar
configure:6101: checking for i386-apple-darwin14.4.0-strip
configure:6130: result: no
configure:6139: checking for strip
configure:6155: found /usr/bin/strip
configure:6166: result: strip
configure:6188: checking for i386-apple-darwin14.4.0-ranlib
configure:6214: result: ranlib
configure:6333: checking command to parse nm output from gcc object
configure:6450: gcc -c -g -O2  conftest.c >&5
configure:6453: $? = 0
configure:6457: nm conftest.o \| sed -n -e 's/^.*[	 ]\([BCDEGRST][BCDEGRST]*\)[	 ][	 ]*\([_A-Za-z][_A-Za-z0-9]*\)$/\1 \2 \2/p' \> conftest.nm
configure:6460: $? = 0
cannot find nm_test_var in conftest.nm
configure:6450: gcc -c -g -O2  conftest.c >&5
configure:6453: $? = 0
configure:6457: nm conftest.o \| sed -n -e 's/^.*[	 ]\([BCDEGRST][BCDEGRST]*\)[	 ][	 ]*_\([_A-Za-z][_A-Za-z0-9]*\)$/\1 _\2 \2/p' \> conftest.nm
configure:6460: $? = 0
configure:6514: gcc -o conftest -g -O2   conftest.c conftstm.o >&5
configure:6517: $? = 0
configure:6555: result: ok
configure:6796: checking for dlfcn.h
configure:6812: gcc -c -g -O2  conftest.c >&5
configure:6818: $? = 0
configure:6822: test -z 
			 || test ! -s conftest.err
configure:6825: $? = 0
configure:6828: test -s conftest.o
configure:6831: $? = 0
configure:6842: result: yes
configure:6904: checking for objdir
configure:6919: result: .libs
configure:7215: checking if gcc supports -fno-rtti -fno-exceptions
configure:7233: gcc -c -g -O2  -fno-rtti -fno-exceptions conftest.c >&5
configure:7237: $? = 0
configure:7250: result: yes
configure:7270: checking for gcc option to produce PIC
configure:7525: result: -fno-common -DPIC
configure:7537: checking if gcc PIC flag -fno-common -DPIC works
configure:7555: gcc -c -g -O2  -fno-common -DPIC -DPIC conftest.c >&5
configure:7559: $? = 0
configure:7572: result: yes
configure:7596: checking if gcc static flag -static works
configure:7624: result: no
configure:7639: checking if gcc supports -c -o file.o
configure:7660: gcc -c -g -O2  -o out/conftest2.o conftest.c >&5
configure:7664: $? = 0
configure:7686: result: yes
configure:7694: checking if gcc supports -c -o file.o
configure:7741: result: yes
configure:7774: checking whether the gcc linker (/Applications/Xcode.app/Contents/Developer/Toolchains/XcodeDefault.xctoolchain/usr/bin/ld) supports shared libraries
configure:8854: result: yes
configure:9093: checking dynamic linker characteristics
configure:9769: result: darwin14.4.0 dyld
configure:9864: checking how to hardcode library paths into programs
configure:9889: result: immediate
configure:10735: checking whether stripping libraries is possible
configure:10749: result: yes
configure:10775: checking if libtool supports shared libraries
configure:10777: result: yes
configure:10780: checking whether to build shared libraries
configure:10801: result: yes
configure:10804: checking whether to build static libraries
configure:10808: result: yes
configure:10858: checking whether NLS is requested
configure:10861: result: no
configure:10931: checking whether NLS is requested
configure:10940: result: no
configure:10978: checking for msgfmt
configure:11012: result: no
configure:11018: checking for gmsgfmt
configure:11049: result: :
configure:11088: checking for xgettext
configure:11122: result: no
configure:11159: checking for msgmerge
configure:11192: result: no
configure:11231: checking for bison
configure:11257: result: bison -y
configure:11272: checking for flex
configure:11298: result: flex
configure:11311: checking for yywrap in -lfl
configure:11341: gcc -o conftest -g -O2   conftest.c -lfl   >&5
ld: library not found for -lfl
clang: error: linker command failed with exit code 1 (use -v to see invocation)
configure:11347: $? = 1
configure: failed program was:
| /* confdefs.h.  */
| 
| #define PACKAGE_NAME ""
| #define PACKAGE_TARNAME ""
| #define PACKAGE_VERSION ""
| #define PACKAGE_STRING ""
| #define PACKAGE_BUGREPORT ""
| #define PACKAGE "ld"
| #define VERSION "2.19.1"
| #define GOT_HANDLING_DEFAULT GOT_HANDLING_TARGET_DEFAULT
| #define _GNU_SOURCE 1
| #define STDC_HEADERS 1
| #define HAVE_SYS_TYPES_H 1
| #define HAVE_SYS_STAT_H 1
| #define HAVE_STDLIB_H 1
| #define HAVE_STRING_H 1
| #define HAVE_MEMORY_H 1
| #define HAVE_STRINGS_H 1
| #define HAVE_INTTYPES_H 1
| #define HAVE_STDINT_H 1
| #define HAVE_UNISTD_H 1
| #define __EXTENSIONS__ 1
| #define _ALL_SOURCE 1
| #define _GNU_SOURCE 1
| #define _POSIX_PTHREAD_SEMANTICS 1
| #define _TANDEM_SOURCE 1
| #define HAVE_DLFCN_H 1
| #define LT_OBJDIR ".libs/"
| /* end confdefs.h.  */
| 
| /* Override any gcc2 internal prototype to avoid an error.  */
| #ifdef __cplusplus
| extern "C"
| #endif
| /* We use char because int might match the return type of a gcc2
|    builtin and then its argument prototype would still apply.  */
| char yywrap ();
| int
| main ()
| {
| yywrap ();
|   ;
|   return 0;
| }
configure:11373: result: no
configure:11378: checking for yywrap in -ll
configure:11408: gcc -o conftest -g -O2   conftest.c -ll   >&5
configure:11414: $? = 0
configure:11418: test -z 
			 || test ! -s conftest.err
configure:11421: $? = 0
configure:11424: test -s conftest
configure:11427: $? = 0
configure:11440: result: yes
configure:11451: checking lex output file root
configure:11462: flex conftest.l
configure:11465: $? = 0
configure:11477: result: lex.yy
configure:11482: checking whether yytext is a pointer
configure:11498: gcc -o conftest -g -O2   conftest.c  -ll >&5
configure:11504: $? = 0
configure:11508: test -z 
			 || test ! -s conftest.err
configure:11511: $? = 0
configure:11514: test -s conftest
configure:11517: $? = 0
configure:11531: result: yes
configure:11546: checking whether to enable maintainer-specific portions of Makefiles
configure:11555: result: no
configure:11599: checking for string.h
configure:11604: result: yes
configure:11599: checking for strings.h
configure:11604: result: yes
configure:11599: checking for stdlib.h
configure:11604: result: yes
configure:11599: checking for unistd.h
configure:11604: result: yes
configure:11608: checking elf-hints.h usability
configure:11620: gcc -c -g -O2  conftest.c >&5
conftest.c:69:10: fatal error: 'elf-hints.h' file not found
#include <elf-hints.h>
         ^
1 error generated.
configure:11626: $? = 1
configure: failed program was:
| /* confdefs.h.  */
| 
| #define PACKAGE_NAME ""
| #define PACKAGE_TARNAME ""
| #define PACKAGE_VERSION ""
| #define PACKAGE_STRING ""
| #define PACKAGE_BUGREPORT ""
| #define PACKAGE "ld"
| #define VERSION "2.19.1"
| #define GOT_HANDLING_DEFAULT GOT_HANDLING_TARGET_DEFAULT
| #define _GNU_SOURCE 1
| #define STDC_HEADERS 1
| #define HAVE_SYS_TYPES_H 1
| #define HAVE_SYS_STAT_H 1
| #define HAVE_STDLIB_H 1
| #define HAVE_STRING_H 1
| #define HAVE_MEMORY_H 1
| #define HAVE_STRINGS_H 1
| #define HAVE_INTTYPES_H 1
| #define HAVE_STDINT_H 1
| #define HAVE_UNISTD_H 1
| #define __EXTENSIONS__ 1
| #define _ALL_SOURCE 1
| #define _GNU_SOURCE 1
| #define _POSIX_PTHREAD_SEMANTICS 1
| #define _TANDEM_SOURCE 1
| #define HAVE_DLFCN_H 1
| #define LT_OBJDIR ".libs/"
| #define YYTEXT_POINTER 1
| #define HAVE_STRING_H 1
| #define HAVE_STRINGS_H 1
| #define HAVE_STDLIB_H 1
| #define HAVE_UNISTD_H 1
| /* end confdefs.h.  */
| #include <stdio.h>
| #if HAVE_SYS_TYPES_H
| # include <sys/types.h>
| #endif
| #if HAVE_SYS_STAT_H
| # include <sys/stat.h>
| #endif
| #if STDC_HEADERS
| # include <stdlib.h>
| # include <stddef.h>
| #else
| # if HAVE_STDLIB_H
| #  include <stdlib.h>
| # endif
| #endif
| #if HAVE_STRING_H
| # if !STDC_HEADERS && HAVE_MEMORY_H
| #  include <memory.h>
| # endif
| # include <string.h>
| #endif
| #if HAVE_STRINGS_H
| # include <strings.h>
| #endif
| #if HAVE_INTTYPES_H
| # include <inttypes.h>
| #else
| # if HAVE_STDINT_H
| #  include <stdint.h>
| # endif
| #endif
| #if HAVE_UNISTD_H
| # include <unistd.h>
| #endif
| #include <elf-hints.h>
configure:11649: result: no
configure:11653: checking elf-hints.h presence
configure:11663: gcc -E  conftest.c
conftest.c:35:10: fatal error: 'elf-hints.h' file not found
#include <elf-hints.h>
         ^
1 error generated.
configure:11669: $? = 1
configure: failed program was:
| /* confdefs.h.  */
| 
| #define PACKAGE_NAME ""
| #define PACKAGE_TARNAME ""
| #define PACKAGE_VERSION ""
| #define PACKAGE_STRING ""
| #define PACKAGE_BUGREPORT ""
| #define PACKAGE "ld"
| #define VERSION "2.19.1"
| #define GOT_HANDLING_DEFAULT GOT_HANDLING_TARGET_DEFAULT
| #define _GNU_SOURCE 1
| #define STDC_HEADERS 1
| #define HAVE_SYS_TYPES_H 1
| #define HAVE_SYS_STAT_H 1
| #define HAVE_STDLIB_H 1
| #define HAVE_STRING_H 1
| #define HAVE_MEMORY_H 1
| #define HAVE_STRINGS_H 1
| #define HAVE_INTTYPES_H 1
| #define HAVE_STDINT_H 1
| #define HAVE_UNISTD_H 1
| #define __EXTENSIONS__ 1
| #define _ALL_SOURCE 1
| #define _GNU_SOURCE 1
| #define _POSIX_PTHREAD_SEMANTICS 1
| #define _TANDEM_SOURCE 1
| #define HAVE_DLFCN_H 1
| #define LT_OBJDIR ".libs/"
| #define YYTEXT_POINTER 1
| #define HAVE_STRING_H 1
| #define HAVE_STRINGS_H 1
| #define HAVE_STDLIB_H 1
| #define HAVE_UNISTD_H 1
| /* end confdefs.h.  */
| #include <elf-hints.h>
configure:11689: result: no
configure:11724: checking for elf-hints.h
configure:11731: result: no
configure:11608: checking limits.h usability
configure:11620: gcc -c -g -O2  conftest.c >&5
configure:11626: $? = 0
configure:11630: test -z 
			 || test ! -s conftest.err
configure:11633: $? = 0
configure:11636: test -s conftest.o
configure:11639: $? = 0
configure:11649: result: yes
configure:11653: checking limits.h presence
configure:11663: gcc -E  conftest.c
configure:11669: $? = 0
configure:11689: result: yes
configure:11724: checking for limits.h
configure:11731: result: yes
configure:11608: checking sys/param.h usability
configure:11620: gcc -c -g -O2  conftest.c >&5
configure:11626: $? = 0
configure:11630: test -z 
			 || test ! -s conftest.err
configure:11633: $? = 0
configure:11636: test -s conftest.o
configure:11639: $? = 0
configure:11649: result: yes
configure:11653: checking sys/param.h presence
configure:11663: gcc -E  conftest.c
configure:11669: $? = 0
configure:11689: result: yes
configure:11724: checking for sys/param.h
configure:11731: result: yes
configure:11752: checking for glob
configure:11809: gcc -o conftest -g -O2   conftest.c  >&5
configure:11815: $? = 0
configure:11819: test -z 
			 || test ! -s conftest.err
configure:11822: $? = 0
configure:11825: test -s conftest
configure:11828: $? = 0
configure:11840: result: yes
configure:11752: checking for mkstemp
configure:11809: gcc -o conftest -g -O2   conftest.c  >&5
configure:11815: $? = 0
configure:11819: test -z 
			 || test ! -s conftest.err
configure:11822: $? = 0
configure:11825: test -s conftest
configure:11828: $? = 0
configure:11840: result: yes
configure:11752: checking for realpath
configure:11809: gcc -o conftest -g -O2   conftest.c  >&5
configure:11815: $? = 0
configure:11819: test -z 
			 || test ! -s conftest.err
configure:11822: $? = 0
configure:11825: test -s conftest
configure:11828: $? = 0
configure:11840: result: yes
configure:11752: checking for sbrk
configure:11809: gcc -o conftest -g -O2   conftest.c  >&5
configure:11815: $? = 0
configure:11819: test -z 
			 || test ! -s conftest.err
configure:11822: $? = 0
configure:11825: test -s conftest
configure:11828: $? = 0
configure:11840: result: yes
configure:11752: checking for waitpid
configure:11809: gcc -o conftest -g -O2   conftest.c  >&5
configure:11815: $? = 0
configure:11819: test -z 
			 || test ! -s conftest.err
configure:11822: $? = 0
configure:11825: test -s conftest
configure:11828: $? = 0
configure:11840: result: yes
configure:11858: checking for dirent.h that defines DIR
configure:11882: gcc -c -g -O2  conftest.c >&5
configure:11888: $? = 0
configure:11892: test -z 
			 || test ! -s conftest.err
configure:11895: $? = 0
configure:11898: test -s conftest.o
configure:11901: $? = 0
configure:11912: result: yes
configure:11925: checking for library containing opendir
configure:11955: gcc -o conftest -g -O2   conftest.c  >&5
configure:11961: $? = 0
configure:11965: test -z 
			 || test ! -s conftest.err
configure:11968: $? = 0
configure:11971: test -s conftest
configure:11974: $? = 0
configure:12044: result: none required
configure:12181: checking for a known getopt prototype in unistd.h
configure:12202: gcc -c -g -O2  conftest.c >&5
configure:12208: $? = 0
configure:12212: test -z 
			 || test ! -s conftest.err
configure:12215: $? = 0
configure:12218: test -s conftest.o
configure:12221: $? = 0
configure:12233: result: yes
configure:12253: checking whether strstr is declared
configure:12277: gcc -c -g -O2  conftest.c >&5
configure:12283: $? = 0
configure:12287: test -z 
			 || test ! -s conftest.err
configure:12290: $? = 0
configure:12293: test -s conftest.o
configure:12296: $? = 0
configure:12307: result: yes
configure:12323: checking whether free is declared
configure:12347: gcc -c -g -O2  conftest.c >&5
configure:12353: $? = 0
configure:12357: test -z 
			 || test ! -s conftest.err
configure:12360: $? = 0
configure:12363: test -s conftest.o
configure:12366: $? = 0
configure:12377: result: yes
configure:12393: checking whether sbrk is declared
configure:12417: gcc -c -g -O2  conftest.c >&5
conftest.c:84:22: warning: 'sbrk' is deprecated [-Wdeprecated-declarations]
  char *p = (char *) sbrk;
                     ^
/usr/include/unistd.h:582:7: note: 'sbrk' has been explicitly marked deprecated here
void    *sbrk(int);
         ^
1 warning generated.
configure:12423: $? = 0
configure:12427: test -z 
			 || test ! -s conftest.err
configure:12430: $? = 0
configure:12433: test -s conftest.o
configure:12436: $? = 0
configure:12447: result: yes
configure:12463: checking whether getenv is declared
configure:12487: gcc -c -g -O2  conftest.c >&5
configure:12493: $? = 0
configure:12497: test -z 
			 || test ! -s conftest.err
configure:12500: $? = 0
configure:12503: test -s conftest.o
configure:12506: $? = 0
configure:12517: result: yes
configure:12533: checking whether environ is declared
configure:12557: gcc -c -g -O2  conftest.c >&5
conftest.c:86:22: error: use of undeclared identifier 'environ'
  char *p = (char *) environ;
                     ^
1 error generated.
configure:12563: $? = 1
configure: failed program was:
| /* confdefs.h.  */
| 
| #define PACKAGE_NAME ""
| #define PACKAGE_TARNAME ""
| #define PACKAGE_VERSION ""
| #define PACKAGE_STRING ""
| #define PACKAGE_BUGREPORT ""
| #define PACKAGE "ld"
| #define VERSION "2.19.1"
| #define GOT_HANDLING_DEFAULT GOT_HANDLING_TARGET_DEFAULT
| #define _GNU_SOURCE 1
| #define STDC_HEADERS 1
| #define HAVE_SYS_TYPES_H 1
| #define HAVE_SYS_STAT_H 1
| #define HAVE_STDLIB_H 1
| #define HAVE_STRING_H 1
| #define HAVE_MEMORY_H 1
| #define HAVE_STRINGS_H 1
| #define HAVE_INTTYPES_H 1
| #define HAVE_STDINT_H 1
| #define HAVE_UNISTD_H 1
| #define __EXTENSIONS__ 1
| #define _ALL_SOURCE 1
| #define _GNU_SOURCE 1
| #define _POSIX_PTHREAD_SEMANTICS 1
| #define _TANDEM_SOURCE 1
| #define HAVE_DLFCN_H 1
| #define LT_OBJDIR ".libs/"
| #define YYTEXT_POINTER 1
| #define HAVE_STRING_H 1
| #define HAVE_STRINGS_H 1
| #define HAVE_STDLIB_H 1
| #define HAVE_UNISTD_H 1
| #define HAVE_LIMITS_H 1
| #define HAVE_SYS_PARAM_H 1
| #define HAVE_GLOB 1
| #define HAVE_MKSTEMP 1
| #define HAVE_REALPATH 1
| #define HAVE_SBRK 1
| #define HAVE_WAITPID 1
| #define HAVE_DIRENT_H 1
| #define HAVE_DECL_GETOPT 1
| #define HAVE_DECL_STRSTR 1
| #define HAVE_DECL_FREE 1
| #define HAVE_DECL_SBRK 1
| #define HAVE_DECL_GETENV 1
| /* end confdefs.h.  */
| #include <stdio.h>
| #if HAVE_SYS_TYPES_H
| # include <sys/types.h>
| #endif
| #if HAVE_SYS_STAT_H
| # include <sys/stat.h>
| #endif
| #if STDC_HEADERS
| # include <stdlib.h>
| # include <stddef.h>
| #else
| # if HAVE_STDLIB_H
| #  include <stdlib.h>
| # endif
| #endif
| #if HAVE_STRING_H
| # if !STDC_HEADERS && HAVE_MEMORY_H
| #  include <memory.h>
| # endif
| # include <string.h>
| #endif
| #if HAVE_STRINGS_H
| # include <strings.h>
| #endif
| #if HAVE_INTTYPES_H
| # include <inttypes.h>
| #else
| # if HAVE_STDINT_H
| #  include <stdint.h>
| # endif
| #endif
| #if HAVE_UNISTD_H
| # include <unistd.h>
| #endif
| int
| main ()
| {
| #ifndef environ
|   char *p = (char *) environ;
| #endif
| 
|   ;
|   return 0;
| }
configure:12587: result: no
configure:12608: checking for library containing zlibVersion
configure:12638: gcc -o conftest -g -O2   conftest.c  >&5
Undefined symbols for architecture x86_64:
  "_zlibVersion", referenced from:
      _main in conftest-83b740.o
ld: symbol(s) not found for architecture x86_64
clang: error: linker command failed with exit code 1 (use -v to see invocation)
configure:12644: $? = 1
configure: failed program was:
| /* confdefs.h.  */
| 
| #define PACKAGE_NAME ""
| #define PACKAGE_TARNAME ""
| #define PACKAGE_VERSION ""
| #define PACKAGE_STRING ""
| #define PACKAGE_BUGREPORT ""
| #define PACKAGE "ld"
| #define VERSION "2.19.1"
| #define GOT_HANDLING_DEFAULT GOT_HANDLING_TARGET_DEFAULT
| #define _GNU_SOURCE 1
| #define STDC_HEADERS 1
| #define HAVE_SYS_TYPES_H 1
| #define HAVE_SYS_STAT_H 1
| #define HAVE_STDLIB_H 1
| #define HAVE_STRING_H 1
| #define HAVE_MEMORY_H 1
| #define HAVE_STRINGS_H 1
| #define HAVE_INTTYPES_H 1
| #define HAVE_STDINT_H 1
| #define HAVE_UNISTD_H 1
| #define __EXTENSIONS__ 1
| #define _ALL_SOURCE 1
| #define _GNU_SOURCE 1
| #define _POSIX_PTHREAD_SEMANTICS 1
| #define _TANDEM_SOURCE 1
| #define HAVE_DLFCN_H 1
| #define LT_OBJDIR ".libs/"
| #define YYTEXT_POINTER 1
| #define HAVE_STRING_H 1
| #define HAVE_STRINGS_H 1
| #define HAVE_STDLIB_H 1
| #define HAVE_UNISTD_H 1
| #define HAVE_LIMITS_H 1
| #define HAVE_SYS_PARAM_H 1
| #define HAVE_GLOB 1
| #define HAVE_MKSTEMP 1
| #define HAVE_REALPATH 1
| #define HAVE_SBRK 1
| #define HAVE_WAITPID 1
| #define HAVE_DIRENT_H 1
| #define HAVE_DECL_GETOPT 1
| #define HAVE_DECL_STRSTR 1
| #define HAVE_DECL_FREE 1
| #define HAVE_DECL_SBRK 1
| #define HAVE_DECL_GETENV 1
| #define HAVE_DECL_ENVIRON 0
| /* end confdefs.h.  */
| 
| /* Override any gcc2 internal prototype to avoid an error.  */
| #ifdef __cplusplus
| extern "C"
| #endif
| /* We use char because int might match the return type of a gcc2
|    builtin and then its argument prototype would still apply.  */
| char zlibVersion ();
| int
| main ()
| {
| zlibVersion ();
|   ;
|   return 0;
| }
configure:12693: gcc -o conftest -g -O2   conftest.c -lz   >&5
configure:12699: $? = 0
configure:12703: test -z 
			 || test ! -s conftest.err
configure:12706: $? = 0
configure:12709: test -s conftest
configure:12712: $? = 0
configure:12727: result: -lz
configure:12745: checking zlib.h usability
configure:12757: gcc -c -g -O2  conftest.c >&5
configure:12763: $? = 0
configure:12767: test -z 
			 || test ! -s conftest.err
configure:12770: $? = 0
configure:12773: test -s conftest.o
configure:12776: $? = 0
configure:12786: result: yes
configure:12790: checking zlib.h presence
configure:12800: gcc -E  conftest.c
configure:12806: $? = 0
configure:12826: result: yes
configure:12861: checking for zlib.h
configure:12868: result: yes
configure:12890: checking whether ANSI C string concatenation works
configure:12911: gcc -c -g -O2  conftest.c >&5
configure:12917: $? = 0
configure:12921: test -z 
			 || test ! -s conftest.err
configure:12924: $? = 0
configure:12927: test -s conftest.o
configure:12930: $? = 0
configure:12942: result: yes
configure:13627: creating ./config.status

## ---------------------- ##
## Running config.status. ##
## ---------------------- ##

This file was extended by config.status, which was
generated by GNU Autoconf 2.59.  Invocation command line was

  CONFIG_FILES    = 
  CONFIG_HEADERS  = 
  CONFIG_LINKS    = 
  CONFIG_COMMANDS = 
  $ ./config.status 

on tsujiyuuki-no-MacBook-Pro.local

config.status:944: creating Makefile
config.status:944: creating po/Makefile.in
config.status:1041: creating config.h
config.status:1403: executing depfiles commands
config.status:1403: executing libtool commands
config.status:1403: executing default-1 commands

## ---------------- ##
## Cache variables. ##
## ---------------- ##

ac_cv_build=i386-apple-darwin14.4.0
ac_cv_build_alias=i386-apple-darwin14.4.0
ac_cv_c_compiler_gnu=yes
ac_cv_env_CC_set=set
ac_cv_env_CC_value=gcc
ac_cv_env_CFLAGS_set=set
ac_cv_env_CFLAGS_value='-g -O2'
ac_cv_env_CPPFLAGS_set=
ac_cv_env_CPPFLAGS_value=
ac_cv_env_CPP_set=
ac_cv_env_CPP_value=
ac_cv_env_LDFLAGS_set=set
ac_cv_env_LDFLAGS_value=
ac_cv_env_build_alias_set=set
ac_cv_env_build_alias_value=i386-apple-darwin14.4.0
ac_cv_env_host_alias_set=set
ac_cv_env_host_alias_value=i386-apple-darwin14.4.0
ac_cv_env_target_alias_set=set
ac_cv_env_target_alias_value=h8300-elf
ac_cv_exeext=
ac_cv_func_glob=yes
ac_cv_func_mkstemp=yes
ac_cv_func_realpath=yes
ac_cv_func_sbrk=yes
ac_cv_func_waitpid=yes
ac_cv_have_decl_environ=no
ac_cv_have_decl_free=yes
ac_cv_have_decl_getenv=yes
ac_cv_have_decl_sbrk=yes
ac_cv_have_decl_strstr=yes
ac_cv_header_dirent_dirent_h=yes
ac_cv_header_dlfcn_h=yes
ac_cv_header_elf_hints_h=no
ac_cv_header_inttypes_h=yes
ac_cv_header_limits_h=yes
ac_cv_header_memory_h=yes
ac_cv_header_minix_config_h=no
ac_cv_header_stdc=yes
ac_cv_header_stdint_h=yes
ac_cv_header_stdlib_h=yes
ac_cv_header_string_h=yes
ac_cv_header_strings_h=yes
ac_cv_header_sys_param_h=yes
ac_cv_header_sys_stat_h=yes
ac_cv_header_sys_types_h=yes
ac_cv_header_unistd_h=yes
ac_cv_header_zlib_h=yes
ac_cv_host=i386-apple-darwin14.4.0
ac_cv_host_alias=i386-apple-darwin14.4.0
ac_cv_lib_fl_yywrap=no
ac_cv_lib_l_yywrap=yes
ac_cv_objext=o
ac_cv_path_GMSGFMT=:
ac_cv_path_MSGFMT=:
ac_cv_path_MSGMERGE=:
ac_cv_path_XGETTEXT=:
ac_cv_prog_AR=ar
ac_cv_prog_AWK=awk
ac_cv_prog_CC=gcc
ac_cv_prog_CPP='gcc -E'
ac_cv_prog_LEX=flex
ac_cv_prog_RANLIB=ranlib
ac_cv_prog_YACC='bison -y'
ac_cv_prog_ac_ct_STRIP=strip
ac_cv_prog_cc_g=yes
ac_cv_prog_cc_stdc=
ac_cv_prog_egrep='grep -E'
ac_cv_prog_fgrep='grep -F'
ac_cv_prog_lex_root=lex.yy
ac_cv_prog_lex_yytext_pointer=yes
ac_cv_prog_make__Applications_Xcode_app_Contents_Developer_usr_bin_make_set=yes
ac_cv_safe_to_define___extensions__=yes
ac_cv_search_opendir='none required'
ac_cv_search_strerror='none required'
ac_cv_search_zlibVersion=-lz
ac_cv_target=h8300-unknown-elf
ac_cv_target_alias=h8300-elf
am_cv_CC_dependencies_compiler_type=gcc3
ld_cv_decl_getopt_unistd_h=yes
ld_cv_string_concatenation=yes
lt_cv_apple_cc_single_mod=yes
lt_cv_deplibs_check_method=pass_all
lt_cv_file_magic_cmd='$MAGIC_CMD'
lt_cv_file_magic_test_file=
lt_cv_ld_reload_flag=-r
lt_cv_nm_interface='BSD nm'
lt_cv_objdir=.libs
lt_cv_path_LD=/Applications/Xcode.app/Contents/Developer/Toolchains/XcodeDefault.xctoolchain/usr/bin/ld
lt_cv_path_NM=nm
lt_cv_path_SED=/usr/bin/sed
lt_cv_prog_compiler_c_o=yes
lt_cv_prog_compiler_rtti_exceptions=yes
lt_cv_prog_gnu_ld=no
lt_cv_sys_global_symbol_pipe='sed -n -e '\''s/^.*[	 ]\([BCDEGRST][BCDEGRST]*\)[	 ][	 ]*_\([_A-Za-z][_A-Za-z0-9]*\)$/\1 _\2 \2/p'\'''
lt_cv_sys_global_symbol_to_c_name_address='sed -n -e '\''s/^: \([^ ]*\) $/  {\"\1\", (void *) 0},/p'\'' -e '\''s/^[BCDEGRST]* \([^ ]*\) \([^ ]*\)$/  {"\2", (void *) \&\2},/p'\'''
lt_cv_sys_global_symbol_to_cdecl='sed -n -e '\''s/^T .* \(.*\)$/extern int \1();/p'\'' -e '\''s/^[BCDEGRST]* .* \(.*\)$/extern char \1;/p'\'''
lt_cv_sys_max_cmd_len=196608

## ----------------- ##
## Output variables. ##
## ----------------- ##

ACLOCAL='${SHELL} /Users/tsujiyuuki/Dropbox/For_Programming/12step/build/binutils-2.19.1/missing --run aclocal-1.9'
AMDEPBACKSLASH='\'
AMDEP_FALSE='#'
AMDEP_TRUE=''
AMTAR='${SHELL} /Users/tsujiyuuki/Dropbox/For_Programming/12step/build/binutils-2.19.1/missing --run tar'
AR='ar'
AUTOCONF='${SHELL} /Users/tsujiyuuki/Dropbox/For_Programming/12step/build/binutils-2.19.1/missing --run autoconf'
AUTOHEADER='${SHELL} /Users/tsujiyuuki/Dropbox/For_Programming/12step/build/binutils-2.19.1/missing --run autoheader'
AUTOMAKE='${SHELL} /Users/tsujiyuuki/Dropbox/For_Programming/12step/build/binutils-2.19.1/missing --run automake-1.9'
AWK='awk'
CATALOGS=''
CATOBJEXT=''
CC='gcc'
CCDEPMODE='depmode=gcc3'
CFLAGS='-g -O2'
CPP='gcc -E'
CPPFLAGS=''
CYGPATH_W='echo'
DATADIRNAME=''
DEFS='-DHAVE_CONFIG_H'
DEPDIR='.deps'
DUMPBIN=''
ECHO_C='ECHO_N=''
ECHO_T=''
EGREP='grep -E'
EMUL='h8300elf'
EMULATION_LIBPATH='h8300elf'
EMULATION_OFILES=' eh8300elf.o eh8300helf.o eh8300self.o eh8300hnelf.o eh8300snelf.o eh8300sxelf.o eh8300sxnelf.o'
EMUL_EXTRA_OFILES=''
EXEEXT=''
FGREP='grep -F'
GENCAT=''
GENINSRC_NEVER_FALSE=''
GENINSRC_NEVER_TRUE='#'
GMSGFMT=':'
GREP='grep'
HDEFINES=''
HOSTING_CRT0='/lib/crt0.o'
HOSTING_LIBS='`if [ -f ../gcc/libgcc.a ]; then libgcc=../gcc/libgcc.a; else libgcc=\`${CC} -print-libgcc-file-name\`; fi; if [ -f ../gcc/libgcc_eh.a ]; then libgcc="$libgcc ../gcc/libgcc_eh.a"; else libgcc_eh=\`${CC} -print-file-name=libgcc_eh.a\`; if [ x"$libgcc_eh" != xlibgcc_eh.a ]; then libgcc="$libgcc $libgcc_eh"; fi; fi; if [ -f ../gcc/libunwind.a ]; then libgcc="$libgcc ../gcc/libunwind.a"; else libunwind=\`${CC} -print-file-name=libunwind.a\`; if [ x"$libunwind" != xlibunwind.a ]; then libgcc="$libgcc $libunwind"; fi; fi; echo --start-group $libgcc -lc --end-group`'
INCINTL=''
INSTALL_DATA='/usr/bin/install -c -m 644'
INSTALL_PROGRAM='/usr/bin/install -c'
INSTALL_SCRIPT='/usr/bin/install -c'
INSTALL_STRIP_PROGRAM='${SHELL} $(install_sh) -c -s'
INSTOBJEXT=''
LD='/Applications/Xcode.app/Contents/Developer/Toolchains/XcodeDefault.xctoolchain/usr/bin/ld'
LDFLAGS=''
LEX='flex'
LEXLIB='-ll'
LEX_OUTPUT_ROOT='lex.yy'
LIBINTL=''
LIBINTL_DEP=''
LIBOBJS=''
LIBS='-lz '
LIBTOOL='$(SHELL) $(top_builddir)/libtool'
LIB_PATH=''
LN_S='ln -s'
LTLIBOBJS=''
MAINT='#'
MAINTAINER_MODE_FALSE=''
MAINTAINER_MODE_TRUE='#'
MAKEINFO='makeinfo --split-size=5000000'
MKINSTALLDIRS='$(top_builddir)/.././ld/../mkinstalldirs'
MSGFMT=':'
MSGMERGE=':'
NATIVE_LIB_DIRS='/usr/local/lib /lib /usr/lib'
NM='nm'
NO_WERROR=''
OBJEXT='o'
PACKAGE='ld'
PACKAGE_BUGREPORT=''
PACKAGE_NAME=''
PACKAGE_STRING=''
PACKAGE_TARNAME=''
PACKAGE_VERSION=''
PATH_SEPARATOR=':'
POSUB=''
RANLIB='ranlib'
SED='/usr/bin/sed'
SET_MAKE=''
SHELL='/bin/sh'
STRINGIFY='astring.sed'
STRIP='strip'
TARGET_SYSTEM_ROOT=''
TARGET_SYSTEM_ROOT_DEFINE='-DTARGET_SYSTEM_ROOT=\"\"'
TESTBFDLIB='../bfd/.libs/libbfd.a'
USE_NLS='no'
VERSION='2.19.1'
WARN_CFLAGS='-W -Wall -Wstrict-prototypes -Wmissing-prototypes'
XGETTEXT=':'
YACC='bison -y'
ac_ct_AR=''
ac_ct_CC=''
ac_ct_DUMPBIN=''
ac_ct_RANLIB=''
ac_ct_STRIP='strip'
am__fastdepCC_FALSE='#'
am__fastdepCC_TRUE=''
am__include='include'
am__leading_dot='.'
am__quote=''
am__tar='${AMTAR} chof - "$$tardir"'
am__untar='${AMTAR} xf -'
bindir='${exec_prefix}/bin'
build='i386-apple-darwin14.4.0'
build_alias='i386-apple-darwin14.4.0'
build_cpu='i386'
build_os='darwin14.4.0'
build_vendor='apple'
datadir='${prefix}/share'
datarootdir='/Users/tsujiyuuki/Dropbox/For_Programming/12step/tools/share'
docdir='/Users/tsujiyuuki/Dropbox/For_Programming/12step/tools/share/doc'
exec_prefix='${prefix}'
host='i386-apple-darwin14.4.0'
host_alias='i386-apple-darwin14.4.0'
host_cpu='i386'
host_os='darwin14.4.0'
host_vendor='apple'
htmldir='/Users/tsujiyuuki/Dropbox/For_Programming/12step/tools/share/doc'
includedir='${prefix}/include'
infodir='${prefix}/info'
install_sh='/Users/tsujiyuuki/Dropbox/For_Programming/12step/build/binutils-2.19.1/install-sh'
libdir='${exec_prefix}/lib'
libexecdir='${exec_prefix}/libexec'
localstatedir='${prefix}/var'
lt_ECHO='/bin/echo'
mandir='${prefix}/man'
mkdir_p='$(mkinstalldirs)'
oldincludedir='/usr/include'
prefix='/Users/tsujiyuuki/Dropbox/For_Programming/12step/tools'
program_transform_name='s,^,h8300-elf-,'
sbindir='${exec_prefix}/sbin'
sharedstatedir='${prefix}/com'
sysconfdir='${prefix}/etc'
target='h8300-unknown-elf'
target_alias='h8300-elf'
target_cpu='h8300'
target_os='elf'
target_vendor='unknown'
use_sysroot='no'

## ------------- ##
## Output files. ##
## ------------- ##

TDIRS='tdirs'

## ----------- ##
## confdefs.h. ##
## ----------- ##

#define GOT_HANDLING_DEFAULT GOT_HANDLING_TARGET_DEFAULT
#define HAVE_DECL_ENVIRON 0
#define HAVE_DECL_FREE 1
#define HAVE_DECL_GETENV 1
#define HAVE_DECL_GETOPT 1
#define HAVE_DECL_SBRK 1
#define HAVE_DECL_STRSTR 1
#define HAVE_DIRENT_H 1
#define HAVE_DLFCN_H 1
#define HAVE_GLOB 1
#define HAVE_INTTYPES_H 1
#define HAVE_LIMITS_H 1
#define HAVE_MEMORY_H 1
#define HAVE_MKSTEMP 1
#define HAVE_REALPATH 1
#define HAVE_SBRK 1
#define HAVE_STDINT_H 1
#define HAVE_STDLIB_H 1
#define HAVE_STDLIB_H 1
#define HAVE_STRINGS_H 1
#define HAVE_STRINGS_H 1
#define HAVE_STRING_H 1
#define HAVE_STRING_H 1
#define HAVE_SYS_PARAM_H 1
#define HAVE_SYS_STAT_H 1
#define HAVE_SYS_TYPES_H 1
#define HAVE_UNISTD_H 1
#define HAVE_UNISTD_H 1
#define HAVE_WAITPID 1
#define HAVE_ZLIB_H 1
#define LT_OBJDIR ".libs/"
#define PACKAGE "ld"
#define PACKAGE_BUGREPORT ""
#define PACKAGE_NAME ""
#define PACKAGE_STRING ""
#define PACKAGE_TARNAME ""
#define PACKAGE_VERSION ""
#define STDC_HEADERS 1
#define VERSION "2.19.1"
#define YYTEXT_POINTER 1
#define _ALL_SOURCE 1
#define _GNU_SOURCE 1
#define _GNU_SOURCE 1
#define _POSIX_PTHREAD_SEMANTICS 1
#define _TANDEM_SOURCE 1
#define __EXTENSIONS__ 1

configure: exit 0
